{"/Users/tomszymanski/Documents/Code/talkie-trivia/functions/src/index.ts": {"path":"/Users/tomszymanski/Documents/Code/talkie-trivia/functions/src/index.ts","statementMap":{"0":{"start":{"line":18,"column":0},"end":{"line":30,"column":null}},"1":{"start":{"line":19,"column":2},"end":{"line":29,"column":null}},"2":{"start":{"line":22,"column":20},"end":{"line":22,"column":41}},"3":{"start":{"line":25,"column":41},"end":{"line":25,"column":57}},"4":{"start":{"line":1,"column":0},"end":{"line":1,"column":46}},"5":{"start":{"line":4,"column":24},"end":{"line":8,"column":null}},"6":{"start":{"line":10,"column":30},"end":{"line":16,"column":null}},"7":{"start":{"line":14,"column":4},"end":{"line":14,"column":null}},"8":{"start":{"line":32,"column":0},"end":{"line":32,"column":42}},"9":{"start":{"line":34,"column":13},"end":{"line":34,"column":18}},"10":{"start":{"line":36,"column":0},"end":{"line":162,"column":null}},"11":{"start":{"line":37,"column":2},"end":{"line":39,"column":null}},"12":{"start":{"line":38,"column":4},"end":{"line":38,"column":null}},"13":{"start":{"line":41,"column":2},"end":{"line":43,"column":null}},"14":{"start":{"line":42,"column":4},"end":{"line":42,"column":null}},"15":{"start":{"line":45,"column":19},"end":{"line":48,"column":null}},"16":{"start":{"line":50,"column":19},"end":{"line":63,"column":null}},"17":{"start":{"line":65,"column":2},"end":{"line":72,"column":null}},"18":{"start":{"line":66,"column":20},"end":{"line":66,"column":47}},"19":{"start":{"line":69,"column":4},"end":{"line":71,"column":null}},"20":{"start":{"line":74,"column":2},"end":{"line":81,"column":null}},"21":{"start":{"line":75,"column":20},"end":{"line":75,"column":47}},"22":{"start":{"line":76,"column":20},"end":{"line":76,"column":59}},"23":{"start":{"line":78,"column":4},"end":{"line":80,"column":null}},"24":{"start":{"line":83,"column":2},"end":{"line":117,"column":null}},"25":{"start":{"line":84,"column":20},"end":{"line":84,"column":47}},"26":{"start":{"line":86,"column":4},"end":{"line":96,"column":null}},"27":{"start":{"line":88,"column":19},"end":{"line":95,"column":8}},"28":{"start":{"line":99,"column":19},"end":{"line":102,"column":6}},"29":{"start":{"line":104,"column":4},"end":{"line":104,"column":null}},"30":{"start":{"line":105,"column":4},"end":{"line":105,"column":null}},"31":{"start":{"line":107,"column":4},"end":{"line":107,"column":null}},"32":{"start":{"line":109,"column":28},"end":{"line":110,"column":null}},"33":{"start":{"line":110,"column":21},"end":{"line":110,"column":46}},"34":{"start":{"line":112,"column":25},"end":{"line":112,"column":43}},"35":{"start":{"line":114,"column":4},"end":{"line":114,"column":null}},"36":{"start":{"line":115,"column":4},"end":{"line":115,"column":null}},"37":{"start":{"line":116,"column":4},"end":{"line":116,"column":null}},"38":{"start":{"line":119,"column":2},"end":{"line":143,"column":null}},"39":{"start":{"line":120,"column":20},"end":{"line":120,"column":47}},"40":{"start":{"line":121,"column":21},"end":{"line":121,"column":58}},"41":{"start":{"line":123,"column":4},"end":{"line":131,"column":null}},"42":{"start":{"line":125,"column":19},"end":{"line":130,"column":8}},"43":{"start":{"line":134,"column":4},"end":{"line":134,"column":null}},"44":{"start":{"line":136,"column":28},"end":{"line":137,"column":null}},"45":{"start":{"line":137,"column":21},"end":{"line":137,"column":46}},"46":{"start":{"line":139,"column":25},"end":{"line":139,"column":43}},"47":{"start":{"line":141,"column":4},"end":{"line":141,"column":null}},"48":{"start":{"line":142,"column":4},"end":{"line":142,"column":null}},"49":{"start":{"line":145,"column":2},"end":{"line":161,"column":null}},"50":{"start":{"line":146,"column":20},"end":{"line":146,"column":47}},"51":{"start":{"line":148,"column":4},"end":{"line":148,"column":null}},"52":{"start":{"line":151,"column":4},"end":{"line":151,"column":null}},"53":{"start":{"line":153,"column":28},"end":{"line":154,"column":null}},"54":{"start":{"line":154,"column":21},"end":{"line":154,"column":46}},"55":{"start":{"line":156,"column":25},"end":{"line":156,"column":43}},"56":{"start":{"line":158,"column":4},"end":{"line":158,"column":null}},"57":{"start":{"line":159,"column":4},"end":{"line":159,"column":null}},"58":{"start":{"line":160,"column":4},"end":{"line":160,"column":null}}},"fnMap":{"0":{"name":"(anonymous_0)","decl":{"start":{"line":18,"column":28},"end":{"line":18,"column":31}},"loc":{"start":{"line":18,"column":33},"end":{"line":30,"column":1}}},"1":{"name":"(anonymous_1)","decl":{"start":{"line":22,"column":14},"end":{"line":22,"column":17}},"loc":{"start":{"line":22,"column":20},"end":{"line":22,"column":41}}},"2":{"name":"(anonymous_2)","decl":{"start":{"line":25,"column":35},"end":{"line":25,"column":38}},"loc":{"start":{"line":25,"column":41},"end":{"line":25,"column":57}}},"3":{"name":"(anonymous_3)","decl":{"start":{"line":13,"column":26},"end":{"line":13,"column":31}},"loc":{"start":{"line":13,"column":45},"end":{"line":15,"column":3}}},"4":{"name":"(anonymous_4)","decl":{"start":{"line":36,"column":45},"end":{"line":36,"column":48}},"loc":{"start":{"line":36,"column":50},"end":{"line":162,"column":1}}},"5":{"name":"(anonymous_5)","decl":{"start":{"line":37,"column":13},"end":{"line":37,"column":16}},"loc":{"start":{"line":37,"column":18},"end":{"line":39,"column":3}}},"6":{"name":"(anonymous_6)","decl":{"start":{"line":41,"column":11},"end":{"line":41,"column":14}},"loc":{"start":{"line":41,"column":16},"end":{"line":43,"column":3}}},"7":{"name":"(anonymous_7)","decl":{"start":{"line":65,"column":54},"end":{"line":65,"column":59}},"loc":{"start":{"line":65,"column":65},"end":{"line":72,"column":3}}},"8":{"name":"(anonymous_8)","decl":{"start":{"line":74,"column":63},"end":{"line":74,"column":68}},"loc":{"start":{"line":74,"column":74},"end":{"line":81,"column":3}}},"9":{"name":"(anonymous_9)","decl":{"start":{"line":83,"column":59},"end":{"line":83,"column":64}},"loc":{"start":{"line":83,"column":70},"end":{"line":117,"column":3}}},"10":{"name":"(anonymous_10)","decl":{"start":{"line":88,"column":12},"end":{"line":88,"column":15}},"loc":{"start":{"line":88,"column":19},"end":{"line":95,"column":8}}},"11":{"name":"(anonymous_11)","decl":{"start":{"line":110,"column":6},"end":{"line":110,"column":7}},"loc":{"start":{"line":110,"column":21},"end":{"line":110,"column":46}}},"12":{"name":"(anonymous_12)","decl":{"start":{"line":119,"column":36},"end":{"line":119,"column":41}},"loc":{"start":{"line":119,"column":47},"end":{"line":143,"column":3}}},"13":{"name":"(anonymous_13)","decl":{"start":{"line":125,"column":12},"end":{"line":125,"column":15}},"loc":{"start":{"line":125,"column":19},"end":{"line":130,"column":8}}},"14":{"name":"(anonymous_14)","decl":{"start":{"line":137,"column":6},"end":{"line":137,"column":7}},"loc":{"start":{"line":137,"column":21},"end":{"line":137,"column":46}}},"15":{"name":"(anonymous_15)","decl":{"start":{"line":145,"column":57},"end":{"line":145,"column":62}},"loc":{"start":{"line":145,"column":68},"end":{"line":161,"column":3}}},"16":{"name":"(anonymous_16)","decl":{"start":{"line":154,"column":6},"end":{"line":154,"column":7}},"loc":{"start":{"line":154,"column":21},"end":{"line":154,"column":46}}}},"branchMap":{},"s":{"0":1,"1":0,"2":0,"3":0,"4":1,"5":1,"6":1,"7":0,"8":1,"9":1,"10":1,"11":1,"12":5,"13":1,"14":1,"15":1,"16":1,"17":1,"18":1,"19":0,"20":1,"21":1,"22":0,"23":0,"24":1,"25":1,"26":0,"27":0,"28":0,"29":0,"30":0,"31":0,"32":0,"33":0,"34":0,"35":0,"36":0,"37":0,"38":1,"39":1,"40":0,"41":0,"42":0,"43":0,"44":0,"45":0,"46":0,"47":0,"48":0,"49":1,"50":1,"51":0,"52":0,"53":0,"54":0,"55":0,"56":0,"57":0,"58":0},"f":{"0":0,"1":0,"2":0,"3":0,"4":1,"5":5,"6":1,"7":1,"8":1,"9":1,"10":0,"11":0,"12":1,"13":0,"14":0,"15":1,"16":0},"b":{}}
,"/Users/tomszymanski/Documents/Code/talkie-trivia/functions/src/utils/difficulty.ts": {"path":"/Users/tomszymanski/Documents/Code/talkie-trivia/functions/src/utils/difficulty.ts","statementMap":{"0":{"start":{"line":14,"column":13},"end":{"line":40,"column":null}}},"fnMap":{},"branchMap":{},"s":{"0":1},"f":{},"b":{}}
,"/Users/tomszymanski/Documents/Code/talkie-trivia/functions/src/utils/scoreUtils.ts": {"path":"/Users/tomszymanski/Documents/Code/talkie-trivia/functions/src/utils/scoreUtils.ts","statementMap":{"0":{"start":{"line":14,"column":0},"end":{"line":14,"column":16}},"1":{"start":{"line":1,"column":0},"end":{"line":1,"column":64}},"2":{"start":{"line":3,"column":18},"end":{"line":3,"column":22}},"3":{"start":{"line":4,"column":21},"end":{"line":4,"column":23}},"4":{"start":{"line":15,"column":2},"end":{"line":17,"column":3}},"5":{"start":{"line":16,"column":4},"end":{"line":16,"column":null}},"6":{"start":{"line":19,"column":21},"end":{"line":19,"column":55}},"7":{"start":{"line":20,"column":22},"end":{"line":20,"column":41}},"8":{"start":{"line":21,"column":21},"end":{"line":21,"column":36}},"9":{"start":{"line":23,"column":25},"end":{"line":23,"column":53}},"10":{"start":{"line":25,"column":2},"end":{"line":25,"column":null}},"11":{"start":{"line":25,"column":23},"end":{"line":25,"column":null}},"12":{"start":{"line":27,"column":32},"end":{"line":27,"column":74}},"13":{"start":{"line":29,"column":4},"end":{"line":29,"column":63}},"14":{"start":{"line":30,"column":24},"end":{"line":30,"column":69}},"15":{"start":{"line":33,"column":4},"end":{"line":33,"column":70}},"16":{"start":{"line":34,"column":34},"end":{"line":34,"column":75}},"17":{"start":{"line":36,"column":25},"end":{"line":36,"column":26}},"18":{"start":{"line":38,"column":2},"end":{"line":43,"column":3}},"19":{"start":{"line":39,"column":29},"end":{"line":41,"column":12}},"20":{"start":{"line":42,"column":4},"end":{"line":42,"column":null}},"21":{"start":{"line":45,"column":2},"end":{"line":48,"column":null}}},"fnMap":{"0":{"name":"calculateScore","decl":{"start":{"line":14,"column":16},"end":{"line":14,"column":30}},"loc":{"start":{"line":14,"column":45},"end":{"line":49,"column":1}}}},"branchMap":{"0":{"loc":{"start":{"line":15,"column":2},"end":{"line":17,"column":3}},"type":"if","locations":[{"start":{"line":15,"column":2},"end":{"line":17,"column":3}},{"start":{},"end":{}}]},"1":{"loc":{"start":{"line":25,"column":2},"end":{"line":25,"column":null}},"type":"if","locations":[{"start":{"line":25,"column":2},"end":{"line":25,"column":null}},{"start":{},"end":{}}]},"2":{"loc":{"start":{"line":33,"column":4},"end":{"line":33,"column":70}},"type":"cond-expr","locations":[{"start":{"line":33,"column":21},"end":{"line":33,"column":66}},{"start":{"line":33,"column":69},"end":{"line":33,"column":70}}]},"3":{"loc":{"start":{"line":38,"column":2},"end":{"line":43,"column":3}},"type":"if","locations":[{"start":{"line":38,"column":2},"end":{"line":43,"column":3}},{"start":{},"end":{}}]},"4":{"loc":{"start":{"line":38,"column":6},"end":{"line":38,"column":48}},"type":"binary-expr","locations":[{"start":{"line":38,"column":6},"end":{"line":38,"column":30}},{"start":{"line":38,"column":34},"end":{"line":38,"column":48}}]}},"s":{"0":1,"1":1,"2":1,"3":1,"4":5,"5":1,"6":4,"7":4,"8":4,"9":4,"10":4,"11":0,"12":4,"13":4,"14":4,"15":4,"16":4,"17":4,"18":4,"19":2,"20":2,"21":4},"f":{"0":5},"b":{"0":[1,4],"1":[0,4],"2":[4,0],"3":[2,2],"4":[4,2]}}
}
