{"/Users/tomszymanski/Documents/Code/talkie-trivia/functions/src/index.ts": {"path":"/Users/tomszymanski/Documents/Code/talkie-trivia/functions/src/index.ts","statementMap":{"0":{"start":{"line":1,"column":0},"end":{"line":1,"column":64}},"1":{"start":{"line":2,"column":0},"end":{"line":2,"column":39}},"2":{"start":{"line":3,"column":0},"end":{"line":3,"column":51}},"3":{"start":{"line":5,"column":0},"end":{"line":5,"column":null}},"4":{"start":{"line":6,"column":11},"end":{"line":6,"column":28}},"5":{"start":{"line":8,"column":13},"end":{"line":100,"column":null}},"6":{"start":{"line":10,"column":2},"end":{"line":15,"column":3}},"7":{"start":{"line":11,"column":4},"end":{"line":14,"column":null}},"8":{"start":{"line":17,"column":25},"end":{"line":17,"column":37}},"9":{"start":{"line":18,"column":17},"end":{"line":18,"column":33}},"10":{"start":{"line":20,"column":2},"end":{"line":22,"column":3}},"11":{"start":{"line":21,"column":4},"end":{"line":21,"column":null}},"12":{"start":{"line":25,"column":16},"end":{"line":25,"column":42}},"13":{"start":{"line":26,"column":16},"end":{"line":26,"column":40}},"14":{"start":{"line":29,"column":25},"end":{"line":29,"column":65}},"15":{"start":{"line":30,"column":24},"end":{"line":30,"column":71}},"16":{"start":{"line":31,"column":21},"end":{"line":35,"column":44}},"17":{"start":{"line":37,"column":2},"end":{"line":99,"column":3}},"18":{"start":{"line":38,"column":4},"end":{"line":93,"column":null}},"19":{"start":{"line":39,"column":23},"end":{"line":39,"column":60}},"20":{"start":{"line":40,"column":18},"end":{"line":40,"column":58}},"21":{"start":{"line":42,"column":6},"end":{"line":53,"column":7}},"22":{"start":{"line":43,"column":8},"end":{"line":52,"column":null}},"23":{"start":{"line":56,"column":6},"end":{"line":56,"column":null}},"24":{"start":{"line":57,"column":6},"end":{"line":57,"column":null}},"25":{"start":{"line":59,"column":6},"end":{"line":71,"column":7}},"26":{"start":{"line":60,"column":8},"end":{"line":60,"column":null}},"27":{"start":{"line":61,"column":8},"end":{"line":61,"column":null}},"28":{"start":{"line":63,"column":27},"end":{"line":63,"column":52}},"29":{"start":{"line":64,"column":8},"end":{"line":64,"column":null}},"30":{"start":{"line":64,"column":26},"end":{"line":64,"column":null}},"31":{"start":{"line":66,"column":8},"end":{"line":68,"column":9}},"32":{"start":{"line":67,"column":10},"end":{"line":67,"column":null}},"33":{"start":{"line":70,"column":8},"end":{"line":70,"column":null}},"34":{"start":{"line":73,"column":6},"end":{"line":77,"column":null}},"35":{"start":{"line":78,"column":6},"end":{"line":78,"column":null}},"36":{"start":{"line":79,"column":6},"end":{"line":92,"column":null}},"37":{"start":{"line":95,"column":4},"end":{"line":95,"column":null}},"38":{"start":{"line":97,"column":4},"end":{"line":97,"column":null}},"39":{"start":{"line":98,"column":4},"end":{"line":98,"column":null}}},"fnMap":{"0":{"name":"(anonymous_0)","decl":{"start":{"line":8,"column":39},"end":{"line":8,"column":44}},"loc":{"start":{"line":8,"column":57},"end":{"line":100,"column":1}}},"1":{"name":"(anonymous_1)","decl":{"start":{"line":38,"column":28},"end":{"line":38,"column":33}},"loc":{"start":{"line":38,"column":50},"end":{"line":93,"column":5}}}},"branchMap":{"0":{"loc":{"start":{"line":10,"column":2},"end":{"line":15,"column":3}},"type":"if","locations":[{"start":{"line":10,"column":2},"end":{"line":15,"column":3}},{"start":{},"end":{}}]},"1":{"loc":{"start":{"line":20,"column":2},"end":{"line":22,"column":3}},"type":"if","locations":[{"start":{"line":20,"column":2},"end":{"line":22,"column":3}},{"start":{},"end":{}}]},"2":{"loc":{"start":{"line":20,"column":6},"end":{"line":20,"column":51}},"type":"binary-expr","locations":[{"start":{"line":20,"column":6},"end":{"line":20,"column":17}},{"start":{"line":20,"column":21},"end":{"line":20,"column":51}}]},"3":{"loc":{"start":{"line":40,"column":18},"end":{"line":40,"column":58}},"type":"cond-expr","locations":[{"start":{"line":40,"column":36},"end":{"line":40,"column":51}},{"start":{"line":40,"column":54},"end":{"line":40,"column":58}}]},"4":{"loc":{"start":{"line":42,"column":6},"end":{"line":53,"column":7}},"type":"if","locations":[{"start":{"line":42,"column":6},"end":{"line":53,"column":7}},{"start":{},"end":{}}]},"5":{"loc":{"start":{"line":56,"column":22},"end":{"line":56,"column":39}},"type":"binary-expr","locations":[{"start":{"line":56,"column":22},"end":{"line":56,"column":34}},{"start":{"line":56,"column":38},"end":{"line":56,"column":39}}]},"6":{"loc":{"start":{"line":57,"column":29},"end":{"line":57,"column":53}},"type":"binary-expr","locations":[{"start":{"line":57,"column":29},"end":{"line":57,"column":48}},{"start":{"line":57,"column":52},"end":{"line":57,"column":53}}]},"7":{"loc":{"start":{"line":59,"column":6},"end":{"line":71,"column":7}},"type":"if","locations":[{"start":{"line":59,"column":6},"end":{"line":71,"column":7}},{"start":{"line":69,"column":13},"end":{"line":71,"column":7}}]},"8":{"loc":{"start":{"line":60,"column":32},"end":{"line":60,"column":57}},"type":"binary-expr","locations":[{"start":{"line":60,"column":32},"end":{"line":60,"column":52}},{"start":{"line":60,"column":56},"end":{"line":60,"column":57}}]},"9":{"loc":{"start":{"line":61,"column":58},"end":{"line":61,"column":79}},"type":"binary-expr","locations":[{"start":{"line":61,"column":58},"end":{"line":61,"column":74}},{"start":{"line":61,"column":78},"end":{"line":61,"column":79}}]},"10":{"loc":{"start":{"line":64,"column":8},"end":{"line":64,"column":null}},"type":"if","locations":[{"start":{"line":64,"column":8},"end":{"line":64,"column":null}},{"start":{},"end":{}}]},"11":{"loc":{"start":{"line":66,"column":8},"end":{"line":68,"column":9}},"type":"if","locations":[{"start":{"line":66,"column":8},"end":{"line":68,"column":9}},{"start":{},"end":{}}]},"12":{"loc":{"start":{"line":66,"column":12},"end":{"line":66,"column":45}},"type":"binary-expr","locations":[{"start":{"line":66,"column":12},"end":{"line":66,"column":26}},{"start":{"line":66,"column":30},"end":{"line":66,"column":45}}]},"13":{"loc":{"start":{"line":67,"column":41},"end":{"line":67,"column":73}},"type":"binary-expr","locations":[{"start":{"line":67,"column":41},"end":{"line":67,"column":68}},{"start":{"line":67,"column":72},"end":{"line":67,"column":73}}]}},"s":{"0":1,"1":1,"2":1,"3":1,"4":1,"5":1,"6":5,"7":5,"8":0,"9":0,"10":0,"11":0,"12":0,"13":0,"14":0,"15":0,"16":0,"17":0,"18":0,"19":0,"20":0,"21":0,"22":0,"23":0,"24":0,"25":0,"26":0,"27":0,"28":0,"29":0,"30":0,"31":0,"32":0,"33":0,"34":0,"35":0,"36":0,"37":0,"38":0,"39":0},"f":{"0":5,"1":0},"b":{"0":[5,0],"1":[0,0],"2":[0,0],"3":[0,0],"4":[0,0],"5":[0,0],"6":[0,0],"7":[0,0],"8":[0,0],"9":[0,0],"10":[0,0],"11":[0,0],"12":[0,0],"13":[0,0]}}
,"/Users/tomszymanski/Documents/Code/talkie-trivia/functions/src/utils/difficulty.ts": {"path":"/Users/tomszymanski/Documents/Code/talkie-trivia/functions/src/utils/difficulty.ts","statementMap":{"0":{"start":{"line":14,"column":13},"end":{"line":40,"column":null}}},"fnMap":{},"branchMap":{},"s":{"0":2},"f":{},"b":{}}
,"/Users/tomszymanski/Documents/Code/talkie-trivia/functions/src/utils/scoreUtils.ts": {"path":"/Users/tomszymanski/Documents/Code/talkie-trivia/functions/src/utils/scoreUtils.ts","statementMap":{"0":{"start":{"line":14,"column":0},"end":{"line":14,"column":16}},"1":{"start":{"line":1,"column":0},"end":{"line":1,"column":64}},"2":{"start":{"line":3,"column":18},"end":{"line":3,"column":22}},"3":{"start":{"line":4,"column":21},"end":{"line":4,"column":23}},"4":{"start":{"line":15,"column":2},"end":{"line":17,"column":3}},"5":{"start":{"line":16,"column":4},"end":{"line":16,"column":null}},"6":{"start":{"line":19,"column":21},"end":{"line":19,"column":55}},"7":{"start":{"line":20,"column":22},"end":{"line":20,"column":41}},"8":{"start":{"line":21,"column":21},"end":{"line":21,"column":36}},"9":{"start":{"line":23,"column":25},"end":{"line":23,"column":53}},"10":{"start":{"line":25,"column":2},"end":{"line":25,"column":null}},"11":{"start":{"line":25,"column":23},"end":{"line":25,"column":null}},"12":{"start":{"line":27,"column":32},"end":{"line":27,"column":74}},"13":{"start":{"line":29,"column":4},"end":{"line":29,"column":63}},"14":{"start":{"line":30,"column":24},"end":{"line":30,"column":69}},"15":{"start":{"line":33,"column":4},"end":{"line":33,"column":70}},"16":{"start":{"line":34,"column":34},"end":{"line":34,"column":75}},"17":{"start":{"line":36,"column":25},"end":{"line":36,"column":26}},"18":{"start":{"line":38,"column":2},"end":{"line":43,"column":3}},"19":{"start":{"line":39,"column":29},"end":{"line":41,"column":12}},"20":{"start":{"line":42,"column":4},"end":{"line":42,"column":null}},"21":{"start":{"line":45,"column":2},"end":{"line":48,"column":null}}},"fnMap":{"0":{"name":"calculateScore","decl":{"start":{"line":14,"column":16},"end":{"line":14,"column":30}},"loc":{"start":{"line":14,"column":45},"end":{"line":49,"column":1}}}},"branchMap":{"0":{"loc":{"start":{"line":15,"column":2},"end":{"line":17,"column":3}},"type":"if","locations":[{"start":{"line":15,"column":2},"end":{"line":17,"column":3}},{"start":{},"end":{}}]},"1":{"loc":{"start":{"line":25,"column":2},"end":{"line":25,"column":null}},"type":"if","locations":[{"start":{"line":25,"column":2},"end":{"line":25,"column":null}},{"start":{},"end":{}}]},"2":{"loc":{"start":{"line":33,"column":4},"end":{"line":33,"column":70}},"type":"cond-expr","locations":[{"start":{"line":33,"column":21},"end":{"line":33,"column":66}},{"start":{"line":33,"column":69},"end":{"line":33,"column":70}}]},"3":{"loc":{"start":{"line":38,"column":2},"end":{"line":43,"column":3}},"type":"if","locations":[{"start":{"line":38,"column":2},"end":{"line":43,"column":3}},{"start":{},"end":{}}]},"4":{"loc":{"start":{"line":38,"column":6},"end":{"line":38,"column":48}},"type":"binary-expr","locations":[{"start":{"line":38,"column":6},"end":{"line":38,"column":30}},{"start":{"line":38,"column":34},"end":{"line":38,"column":48}}]}},"s":{"0":2,"1":2,"2":2,"3":2,"4":5,"5":1,"6":4,"7":4,"8":4,"9":4,"10":4,"11":0,"12":4,"13":4,"14":4,"15":4,"16":4,"17":4,"18":4,"19":2,"20":2,"21":4},"f":{"0":5},"b":{"0":[1,4],"1":[0,4],"2":[4,0],"3":[2,2],"4":[4,2]}}
}
