TN:
SF:src/index.ts
FN:8,(anonymous_0)
FN:38,(anonymous_1)
FNF:2
FNH:1
FNDA:5,(anonymous_0)
FNDA:0,(anonymous_1)
DA:1,1
DA:2,1
DA:3,1
DA:5,1
DA:6,1
DA:8,1
DA:10,5
DA:11,5
DA:17,0
DA:18,0
DA:20,0
DA:21,0
DA:25,0
DA:26,0
DA:29,0
DA:30,0
DA:31,0
DA:37,0
DA:38,0
DA:39,0
DA:40,0
DA:42,0
DA:43,0
DA:56,0
DA:57,0
DA:59,0
DA:60,0
DA:61,0
DA:63,0
DA:64,0
DA:66,0
DA:67,0
DA:70,0
DA:73,0
DA:78,0
DA:79,0
DA:95,0
DA:97,0
DA:98,0
LF:39
LH:8
BRDA:10,0,0,5
BRDA:10,0,1,0
BRDA:20,1,0,0
BRDA:20,1,1,0
BRDA:20,2,0,0
BRDA:20,2,1,0
BRDA:40,3,0,0
BRDA:40,3,1,0
BRDA:42,4,0,0
BRDA:42,4,1,0
BRDA:56,5,0,0
BRDA:56,5,1,0
BRDA:57,6,0,0
BRDA:57,6,1,0
BRDA:59,7,0,0
BRDA:59,7,1,0
BRDA:60,8,0,0
BRDA:60,8,1,0
BRDA:61,9,0,0
BRDA:61,9,1,0
BRDA:64,10,0,0
BRDA:64,10,1,0
BRDA:66,11,0,0
BRDA:66,11,1,0
BRDA:66,12,0,0
BRDA:66,12,1,0
BRDA:67,13,0,0
BRDA:67,13,1,0
BRF:28
BRH:1
end_of_record
TN:
SF:src/utils/difficulty.ts
FNF:0
FNH:0
DA:14,2
LF:1
LH:1
BRF:0
BRH:0
end_of_record
TN:
SF:src/utils/scoreUtils.ts
FN:14,calculateScore
FNF:1
FNH:1
FNDA:5,calculateScore
DA:1,2
DA:3,2
DA:4,2
DA:14,2
DA:15,5
DA:16,1
DA:19,4
DA:20,4
DA:21,4
DA:23,4
DA:25,4
DA:27,4
DA:29,4
DA:30,4
DA:33,4
DA:34,4
DA:36,4
DA:38,4
DA:39,2
DA:42,2
DA:45,4
LF:21
LH:21
BRDA:15,0,0,1
BRDA:15,0,1,4
BRDA:25,1,0,0
BRDA:25,1,1,4
BRDA:33,2,0,4
BRDA:33,2,1,0
BRDA:38,3,0,2
BRDA:38,3,1,2
BRDA:38,4,0,4
BRDA:38,4,1,2
BRF:10
BRH:8
end_of_record
