TN:
SF:src/index.ts
FN:18,(anonymous_0)
FN:22,(anonymous_1)
FN:25,(anonymous_2)
FN:13,(anonymous_3)
FN:36,(anonymous_4)
FN:37,(anonymous_5)
FN:41,(anonymous_6)
FN:65,(anonymous_7)
FN:74,(anonymous_8)
FN:83,(anonymous_9)
FN:88,(anonymous_10)
FN:110,(anonymous_11)
FN:119,(anonymous_12)
FN:125,(anonymous_13)
FN:137,(anonymous_14)
FN:145,(anonymous_15)
FN:154,(anonymous_16)
FNF:17
FNH:8
FNDA:0,(anonymous_0)
FNDA:0,(anonymous_1)
FNDA:0,(anonymous_2)
FNDA:0,(anonymous_3)
FNDA:1,(anonymous_4)
FNDA:5,(anonymous_5)
FNDA:1,(anonymous_6)
FNDA:1,(anonymous_7)
FNDA:1,(anonymous_8)
FNDA:1,(anonymous_9)
FNDA:0,(anonymous_10)
FNDA:0,(anonymous_11)
FNDA:1,(anonymous_12)
FNDA:0,(anonymous_13)
FNDA:0,(anonymous_14)
FNDA:1,(anonymous_15)
FNDA:0,(anonymous_16)
DA:1,1
DA:4,1
DA:10,1
DA:14,0
DA:18,1
DA:19,0
DA:22,0
DA:25,0
DA:32,1
DA:34,1
DA:36,1
DA:37,1
DA:38,5
DA:41,1
DA:42,1
DA:45,1
DA:50,1
DA:65,1
DA:66,1
DA:69,0
DA:74,1
DA:75,1
DA:76,0
DA:78,0
DA:83,1
DA:84,1
DA:86,0
DA:88,0
DA:99,0
DA:104,0
DA:105,0
DA:107,0
DA:109,0
DA:110,0
DA:112,0
DA:114,0
DA:115,0
DA:116,0
DA:119,1
DA:120,1
DA:121,0
DA:123,0
DA:125,0
DA:134,0
DA:136,0
DA:137,0
DA:139,0
DA:141,0
DA:142,0
DA:145,1
DA:146,1
DA:148,0
DA:151,0
DA:153,0
DA:154,0
DA:156,0
DA:158,0
DA:159,0
DA:160,0
LF:59
LH:23
BRF:0
BRH:0
end_of_record
TN:
SF:src/utils/difficulty.ts
FNF:0
FNH:0
DA:14,1
LF:1
LH:1
BRF:0
BRH:0
end_of_record
TN:
SF:src/utils/scoreUtils.ts
FN:14,calculateScore
FNF:1
FNH:1
FNDA:5,calculateScore
DA:1,1
DA:3,1
DA:4,1
DA:14,1
DA:15,5
DA:16,1
DA:19,4
DA:20,4
DA:21,4
DA:23,4
DA:25,4
DA:27,4
DA:29,4
DA:30,4
DA:33,4
DA:34,4
DA:36,4
DA:38,4
DA:39,2
DA:42,2
DA:45,4
LF:21
LH:21
BRDA:15,0,0,1
BRDA:15,0,1,4
BRDA:25,1,0,0
BRDA:25,1,1,4
BRDA:33,2,0,4
BRDA:33,2,1,0
BRDA:38,3,0,2
BRDA:38,3,1,2
BRDA:38,4,0,4
BRDA:38,4,1,2
BRF:10
BRH:8
end_of_record
