TN:
SF:src/app/_layout.tsx
FN:19,RootLayoutNav
FN:26,(anonymous_1)
FN:27,(anonymous_2)
FN:28,(anonymous_3)
FN:30,(anonymous_4)
FN:36,(anonymous_5)
FN:37,(anonymous_6)
FN:82,RootLayout
FN:102,(anonymous_8)
FNF:9
FNH:0
FNDA:0,RootLayoutNav
FNDA:0,(anonymous_1)
FNDA:0,(anonymous_2)
FNDA:0,(anonymous_3)
FNDA:0,(anonymous_4)
FNDA:0,(anonymous_5)
FNDA:0,(anonymous_6)
FNDA:0,RootLayout
FNDA:0,(anonymous_8)
DA:13,0
DA:20,0
DA:21,0
DA:22,0
DA:24,0
DA:26,0
DA:27,0
DA:28,0
DA:30,0
DA:31,0
DA:32,0
DA:36,0
DA:37,0
DA:40,0
DA:41,0
DA:44,0
DA:45,0
DA:55,0
DA:56,0
DA:59,0
DA:60,0
DA:63,0
DA:64,0
DA:65,0
DA:67,0
DA:68,0
DA:72,0
DA:79,0
DA:83,0
DA:102,0
LF:30
LH:0
BRDA:31,0,0,0
BRDA:31,0,1,0
BRDA:31,1,0,0
BRDA:31,1,1,0
BRDA:31,1,2,0
BRDA:40,2,0,0
BRDA:40,2,1,0
BRDA:44,3,0,0
BRDA:44,3,1,0
BRDA:55,4,0,0
BRDA:55,4,1,0
BRDA:59,5,0,0
BRDA:59,5,1,0
BRDA:63,6,0,0
BRDA:63,6,1,0
BRDA:64,7,0,0
BRDA:64,7,1,0
BRDA:67,8,0,0
BRDA:67,8,1,0
BRF:19
BRH:0
end_of_record
TN:
SF:src/app/(tabs)/_layout.tsx
FN:9,(anonymous_0)
FNF:1
FNH:1
FNDA:6,(anonymous_0)
DA:9,2
DA:10,6
DA:12,6
DA:19,6
DA:20,2
DA:23,4
DA:24,2
DA:27,2
LF:8
LH:8
BRDA:19,0,0,2
BRDA:19,0,1,4
BRDA:23,1,0,2
BRDA:23,1,1,2
BRF:4
BRH:4
end_of_record
TN:
SF:src/app/(tabs)/game.tsx
FN:13,(anonymous_0)
FN:16,(anonymous_1)
FN:18,(anonymous_2)
FN:20,(anonymous_3)
FN:23,(anonymous_4)
FN:24,(anonymous_5)
FN:44,(anonymous_6)
FN:45,(anonymous_7)
FN:46,(anonymous_8)
FN:47,(anonymous_9)
FN:76,(anonymous_10)
FNF:11
FNH:7
FNDA:0,(anonymous_0)
FNDA:0,(anonymous_1)
FNDA:0,(anonymous_2)
FNDA:0,(anonymous_3)
FNDA:2,(anonymous_4)
FNDA:2,(anonymous_5)
FNDA:2,(anonymous_6)
FNDA:2,(anonymous_7)
FNDA:2,(anonymous_8)
FNDA:2,(anonymous_9)
FNDA:2,(anonymous_10)
DA:12,1
DA:13,0
DA:15,1
DA:16,0
DA:18,1
DA:19,1
DA:20,0
DA:23,1
DA:24,2
DA:25,2
DA:26,2
DA:44,1
DA:45,2
DA:46,2
DA:47,2
DA:48,2
DA:50,2
DA:76,2
LF:18
LH:15
BRF:0
BRH:0
end_of_record
TN:
SF:src/app/(tabs)/profile.tsx
FN:14,(anonymous_0)
FN:15,(anonymous_1)
FN:16,(anonymous_2)
FN:17,(anonymous_3)
FN:19,(anonymous_4)
FN:22,(anonymous_5)
FN:25,(anonymous_6)
FN:27,(anonymous_7)
FN:28,(anonymous_8)
FN:35,(anonymous_9)
FN:39,(anonymous_10)
FN:142,(anonymous_11)
FNF:12
FNH:4
FNDA:0,(anonymous_0)
FNDA:0,(anonymous_1)
FNDA:0,(anonymous_2)
FNDA:0,(anonymous_3)
FNDA:0,(anonymous_4)
FNDA:0,(anonymous_5)
FNDA:3,(anonymous_6)
FNDA:3,(anonymous_7)
FNDA:3,(anonymous_8)
FNDA:0,(anonymous_9)
FNDA:0,(anonymous_10)
FNDA:3,(anonymous_11)
DA:14,1
DA:15,1
DA:16,1
DA:17,1
DA:18,1
DA:19,0
DA:21,1
DA:22,0
DA:25,1
DA:26,3
DA:27,3
DA:28,3
DA:29,3
DA:30,3
DA:33,3
DA:35,3
DA:36,0
DA:39,3
DA:40,0
DA:43,3
DA:44,3
DA:46,3
DA:48,3
DA:49,1
DA:59,2
DA:142,3
LF:26
LH:22
BRDA:43,0,0,3
BRDA:43,0,1,2
BRDA:43,0,2,2
BRDA:44,1,0,3
BRDA:44,1,1,2
BRDA:46,2,0,3
BRDA:46,2,1,1
BRDA:48,3,0,1
BRDA:48,3,1,2
BRDA:48,4,0,3
BRDA:48,4,1,2
BRDA:75,5,0,2
BRDA:75,5,1,1
BRDA:94,6,0,2
BRDA:94,6,1,1
BRDA:146,7,0,3
BRDA:146,7,1,0
BRF:17
BRH:16
end_of_record
TN:
SF:src/components/actors.tsx
FN:27,(anonymous_0)
FN:35,(anonymous_1)
FN:48,(anonymous_2)
FN:49,(anonymous_3)
FN:82,(anonymous_4)
FN:88,(anonymous_5)
FN:110,(anonymous_6)
FNF:7
FNH:7
FNDA:26,(anonymous_0)
FNDA:26,(anonymous_1)
FNDA:2,(anonymous_2)
FNDA:26,(anonymous_3)
FNDA:15,(anonymous_4)
FNDA:26,(anonymous_5)
FNDA:41,(anonymous_6)
DA:24,2
DA:26,2
DA:28,26
DA:29,26
DA:31,26
DA:35,26
DA:36,26
DA:37,26
DA:42,26
DA:44,26
DA:48,2
DA:49,26
DA:81,2
DA:83,15
DA:84,15
DA:86,13
DA:89,26
DA:110,41
LF:18
LH:18
BRDA:31,0,0,15
BRDA:31,0,1,11
BRDA:37,1,0,25
BRDA:37,1,1,1
BRDA:51,2,0,0
BRDA:51,2,1,26
BRDA:66,3,0,25
BRDA:66,3,1,1
BRDA:82,4,0,11
BRDA:84,5,0,2
BRDA:84,5,1,13
BRDA:84,6,0,15
BRDA:84,6,1,14
BRF:13
BRH:12
end_of_record
TN:
SF:src/components/clues.tsx
FN:37,(anonymous_0)
FN:52,(anonymous_1)
FN:57,(anonymous_2)
FN:59,(anonymous_3)
FN:63,(anonymous_4)
FN:81,(anonymous_5)
FN:93,(anonymous_6)
FN:104,(anonymous_7)
FN:116,(anonymous_8)
FN:123,(anonymous_9)
FN:124,(anonymous_10)
FN:133,(anonymous_11)
FN:177,(anonymous_12)
FN:187,(anonymous_13)
FN:201,(anonymous_14)
FN:279,(anonymous_15)
FNF:16
FNH:16
FNDA:1,(anonymous_0)
FNDA:6,(anonymous_1)
FNDA:30,(anonymous_2)
FNDA:30,(anonymous_3)
FNDA:12,(anonymous_4)
FNDA:18,(anonymous_5)
FNDA:18,(anonymous_6)
FNDA:6,(anonymous_7)
FNDA:1,(anonymous_8)
FNDA:4009,(anonymous_9)
FNDA:4009,(anonymous_10)
FNDA:7,(anonymous_11)
FNDA:4,(anonymous_12)
FNDA:6,(anonymous_13)
FNDA:7619,(anonymous_14)
FNDA:31,(anonymous_15)
DA:37,1
DA:38,1
DA:39,1
DA:40,1
DA:52,1
DA:53,6
DA:54,6
DA:55,6
DA:56,6
DA:57,6
DA:58,30
DA:59,30
DA:62,1
DA:70,12
DA:71,12
DA:81,1
DA:82,18
DA:83,18
DA:92,18
DA:93,18
DA:103,18
DA:104,6
DA:107,18
DA:108,18
DA:109,18
DA:111,18
DA:112,18
DA:113,18
DA:114,18
DA:116,18
DA:117,1
DA:118,1
DA:119,1
DA:122,18
DA:123,4009
DA:125,4009
DA:126,84
DA:127,84
DA:133,18
DA:134,7
DA:137,6
DA:138,6
DA:140,6
DA:141,2
DA:142,4
DA:146,0
DA:148,4
DA:151,6
DA:152,6
DA:153,6
DA:154,6
DA:156,6
DA:158,6
DA:159,6
DA:160,6
DA:163,6
DA:164,6
DA:168,6
DA:175,6
DA:176,6
DA:177,4
DA:180,0
DA:181,0
DA:182,0
DA:183,0
DA:184,0
DA:187,6
DA:188,6
DA:189,6
DA:201,18
DA:202,7619
DA:207,7619
DA:212,7619
DA:215,18
DA:217,18
DA:279,31
LF:76
LH:70
BRDA:52,0,0,6
BRDA:53,1,0,0
BRDA:53,1,1,6
BRDA:55,2,0,0
BRDA:55,2,1,6
BRDA:104,3,0,6
BRDA:104,3,1,0
BRDA:125,4,0,84
BRDA:125,4,1,3925
BRDA:134,5,0,1
BRDA:134,5,1,6
BRDA:140,6,0,2
BRDA:140,6,1,4
BRDA:140,7,0,6
BRDA:140,7,1,6
BRDA:142,8,0,0
BRDA:142,8,1,4
BRDA:143,9,0,4
BRDA:143,9,1,4
BRDA:151,10,0,6
BRDA:151,10,1,0
BRDA:154,11,0,6
BRDA:154,11,1,0
BRDA:180,12,0,0
BRDA:180,12,1,0
BRDA:182,13,0,0
BRDA:182,13,1,0
BRDA:215,14,0,18
BRDA:215,14,1,18
BRDA:219,15,0,1
BRDA:219,15,1,17
BRDA:230,16,0,4
BRDA:230,16,1,13
BRDA:234,17,0,13
BRDA:234,17,1,4
BRDA:240,18,0,4
BRDA:240,18,1,13
BRDA:241,19,0,4
BRDA:241,19,1,13
BRF:39
BRH:29
end_of_record
TN:
SF:src/components/confettiCelebration.tsx
FN:9,(anonymous_0)
FN:16,(anonymous_1)
FN:17,(anonymous_2)
FN:19,(anonymous_3)
FN:24,(anonymous_4)
FNF:5
FNH:5
FNDA:5,(anonymous_0)
FNDA:3,(anonymous_1)
FNDA:1,(anonymous_2)
FNDA:4,(anonymous_3)
FNDA:4,(anonymous_4)
DA:9,1
DA:13,5
DA:14,5
DA:16,5
DA:17,5
DA:19,5
DA:20,4
DA:23,5
DA:24,4
DA:34,5
LF:10
LH:10
BRDA:20,0,0,3
BRDA:20,0,1,1
BRDA:34,1,0,4
BRDA:34,1,1,1
BRF:4
BRH:4
end_of_record
TN:
SF:src/components/confirmationModal.tsx
FN:19,(anonymous_0)
FN:30,(anonymous_1)
FN:34,(anonymous_2)
FN:82,(anonymous_3)
FNF:4
FNH:4
FNDA:5,(anonymous_0)
FNDA:1,(anonymous_1)
FNDA:2,(anonymous_2)
FNDA:5,(anonymous_3)
DA:18,1
DA:28,5
DA:30,5
DA:31,1
DA:32,1
DA:34,5
DA:35,2
DA:36,2
DA:39,5
DA:82,5
LF:10
LH:10
BRDA:46,0,0,5
BRDA:46,0,1,4
BRF:2
BRH:2
end_of_record
TN:
SF:src/components/countdownTimer.tsx
FN:6,(anonymous_0)
FN:9,(anonymous_1)
FN:24,(anonymous_2)
FN:37,(anonymous_3)
FN:38,(anonymous_4)
FN:43,(anonymous_5)
FN:60,(anonymous_6)
FNF:7
FNH:7
FNDA:12,(anonymous_0)
FNDA:22,(anonymous_1)
FNDA:66,(anonymous_2)
FNDA:6,(anonymous_3)
FNDA:10,(anonymous_4)
FNDA:6,(anonymous_5)
FNDA:12,(anonymous_6)
DA:6,1
DA:7,12
DA:9,12
DA:10,22
DA:11,22
DA:12,22
DA:13,22
DA:15,22
DA:17,22
DA:23,22
DA:24,66
DA:25,22
DA:32,22
DA:35,12
DA:37,12
DA:38,6
DA:39,10
DA:43,6
DA:46,12
DA:60,12
LF:20
LH:20
BRDA:23,0,0,22
BRDA:23,0,1,0
BRF:2
BRH:1
end_of_record
TN:
SF:src/components/customLoadingIndicator.tsx
FN:22,(anonymous_0)
FN:45,(anonymous_1)
FN:53,(anonymous_2)
FN:101,(anonymous_3)
FNF:4
FNH:4
FNDA:10,(anonymous_0)
FNDA:7,(anonymous_1)
FNDA:20,(anonymous_2)
FNDA:10,(anonymous_3)
DA:22,5
DA:25,10
DA:26,10
DA:28,10
DA:29,3
DA:38,7
DA:39,7
DA:40,7
DA:41,7
DA:42,7
DA:43,7
DA:45,7
DA:46,7
DA:53,7
DA:54,20
DA:59,7
DA:101,10
LF:17
LH:17
BRDA:23,0,0,5
BRDA:28,1,0,3
BRDA:28,1,1,7
BRDA:28,2,0,10
BRDA:28,2,1,9
BRF:5
BRH:5
end_of_record
TN:
SF:src/components/detailModal.tsx
FN:24,(anonymous_0)
FN:28,(anonymous_1)
FN:35,(anonymous_2)
FN:42,(anonymous_3)
FN:70,(anonymous_4)
FN:75,(anonymous_5)
FN:115,(anonymous_6)
FN:131,(anonymous_7)
FNF:8
FNH:7
FNDA:11,(anonymous_0)
FNDA:33,(anonymous_1)
FNDA:11,(anonymous_2)
FNDA:4,(anonymous_3)
FNDA:3,(anonymous_4)
FNDA:11,(anonymous_5)
FNDA:0,(anonymous_6)
FNDA:11,(anonymous_7)
DA:23,1
DA:25,11
DA:26,11
DA:28,11
DA:29,33
DA:35,11
DA:36,11
DA:42,11
DA:43,4
DA:44,4
DA:45,4
DA:46,4
DA:47,4
DA:48,2
DA:49,2
DA:50,1
DA:53,4
DA:55,4
DA:56,4
DA:66,3
DA:70,11
DA:71,3
DA:72,3
DA:75,11
DA:76,11
DA:99,11
DA:115,0
DA:131,11
LF:28
LH:27
BRDA:36,0,0,10
BRDA:36,0,1,1
BRDA:43,1,0,0
BRDA:43,1,1,4
BRDA:47,2,0,2
BRDA:47,2,1,2
BRDA:49,3,0,1
BRDA:49,3,1,1
BRDA:86,4,0,11
BRDA:86,4,1,5
BRF:10
BRH:9
end_of_record
TN:
SF:src/components/difficultySelector.tsx
FN:26,(anonymous_0)
FN:31,(anonymous_1)
FN:33,(anonymous_2)
FN:34,(anonymous_3)
FN:41,(anonymous_4)
FN:50,(anonymous_5)
FN:52,(anonymous_6)
FN:59,(anonymous_7)
FN:63,(anonymous_8)
FN:71,(anonymous_9)
FN:78,(anonymous_10)
FN:82,(anonymous_11)
FN:88,(anonymous_12)
FN:109,(anonymous_13)
FN:112,(anonymous_14)
FN:113,(anonymous_15)
FN:114,(anonymous_16)
FN:116,(anonymous_17)
FN:164,(anonymous_18)
FNF:19
FNH:15
FNDA:5,(anonymous_0)
FNDA:2,(anonymous_1)
FNDA:2,(anonymous_2)
FNDA:2,(anonymous_3)
FNDA:1,(anonymous_4)
FNDA:2,(anonymous_5)
FNDA:6,(anonymous_6)
FNDA:2,(anonymous_7)
FNDA:0,(anonymous_8)
FNDA:2,(anonymous_9)
FNDA:4,(anonymous_10)
FNDA:0,(anonymous_11)
FNDA:6,(anonymous_12)
FNDA:10,(anonymous_13)
FNDA:1,(anonymous_14)
FNDA:0,(anonymous_15)
FNDA:0,(anonymous_16)
FNDA:10,(anonymous_17)
FNDA:2,(anonymous_18)
DA:24,1
DA:26,5
DA:31,1
DA:32,2
DA:33,2
DA:34,2
DA:35,2
DA:38,2
DA:40,2
DA:42,1
DA:43,1
DA:44,1
DA:50,2
DA:51,2
DA:52,6
DA:56,2
DA:57,2
DA:59,2
DA:60,2
DA:64,0
DA:65,0
DA:71,2
DA:72,2
DA:78,4
DA:82,2
DA:83,0
DA:84,0
DA:88,6
DA:90,2
DA:110,10
DA:112,1
DA:113,0
DA:114,0
DA:116,10
DA:164,2
LF:35
LH:29
BRDA:42,0,0,1
BRDA:42,0,1,0
BRDA:51,1,0,2
BRDA:51,1,1,2
BRDA:52,2,0,2
BRDA:52,2,1,0
BRDA:64,3,0,0
BRDA:64,3,1,0
BRDA:88,4,0,2
BRDA:88,4,1,0
BRDA:118,5,0,10
BRDA:118,5,1,2
BRDA:119,6,0,10
BRDA:119,6,1,0
BRDA:128,7,0,10
BRDA:128,7,1,2
BRF:16
BRH:10
end_of_record
TN:
SF:src/components/errorBoundary.tsx
FN:36,(anonymous_0)
FN:83,(anonymous_1)
FN:91,(anonymous_2)
FN:96,(anonymous_3)
FN:116,(anonymous_4)
FNF:5
FNH:5
FNDA:6,(anonymous_0)
FNDA:4,(anonymous_1)
FNDA:2,(anonymous_2)
FNDA:1,(anonymous_3)
FNDA:11,(anonymous_4)
DA:6,1
DA:36,1
DA:43,6
DA:77,5
DA:86,4
DA:87,4
DA:88,4
DA:92,2
DA:93,2
DA:96,5
DA:97,1
DA:98,1
DA:99,0
DA:100,0
DA:103,1
DA:104,1
DA:106,1
DA:108,0
DA:109,0
DA:117,11
DA:118,6
DA:123,5
LF:22
LH:18
BRDA:31,0,0,1
BRDA:31,0,1,0
BRDA:55,1,0,6
BRDA:55,1,1,6
BRDA:98,2,0,0
BRDA:98,2,1,1
BRDA:103,3,0,1
BRDA:103,3,1,0
BRDA:117,4,0,6
BRDA:117,4,1,5
BRF:10
BRH:7
end_of_record
TN:
SF:src/components/errorMessage.tsx
FN:14,(anonymous_0)
FN:41,(anonymous_1)
FNF:2
FNH:2
FNDA:7,(anonymous_0)
FNDA:7,(anonymous_1)
DA:13,3
DA:15,7
DA:17,7
DA:41,7
LF:4
LH:4
BRDA:22,0,0,7
BRDA:22,0,1,3
BRF:2
BRH:2
end_of_record
TN:
SF:src/components/facts.tsx
FN:26,(anonymous_0)
FN:39,(anonymous_1)
FN:69,(anonymous_2)
FN:85,(anonymous_3)
FN:90,(anonymous_4)
FN:99,(anonymous_5)
FN:134,(anonymous_6)
FN:138,(anonymous_7)
FN:204,(anonymous_8)
FNF:9
FNH:9
FNDA:5,(anonymous_0)
FNDA:5,(anonymous_1)
FNDA:5,(anonymous_2)
FNDA:5,(anonymous_3)
FNDA:1,(anonymous_4)
FNDA:15,(anonymous_5)
FNDA:7,(anonymous_6)
FNDA:1,(anonymous_7)
FNDA:22,(anonymous_8)
DA:23,1
DA:25,1
DA:35,5
DA:36,5
DA:39,5
DA:69,1
DA:70,5
DA:71,5
DA:75,5
DA:85,1
DA:86,5
DA:87,5
DA:89,5
DA:91,1
DA:92,1
DA:93,1
DA:99,5
DA:100,15
DA:102,5
DA:108,5
DA:109,5
DA:117,0
DA:119,5
DA:123,5
DA:133,1
DA:135,7
DA:136,7
DA:138,7
DA:139,1
DA:140,1
DA:141,1
DA:142,1
DA:146,7
DA:147,1
DA:156,6
DA:157,1
DA:164,5
DA:204,22
LF:38
LH:37
BRDA:41,0,0,0
BRDA:41,0,1,5
BRDA:51,1,0,5
BRDA:51,1,1,4
BRDA:55,2,0,5
BRDA:55,2,1,4
BRDA:71,3,0,4
BRDA:71,3,1,1
BRDA:91,4,0,1
BRDA:91,4,1,0
BRDA:100,5,0,5
BRDA:100,5,1,5
BRDA:100,5,2,5
BRDA:108,6,0,5
BRDA:108,6,1,0
BRDA:134,7,0,6
BRDA:134,8,0,7
BRDA:140,9,0,1
BRDA:140,9,1,0
BRDA:146,10,0,1
BRDA:146,10,1,6
BRDA:156,11,0,1
BRDA:156,11,1,5
BRDA:171,12,0,5
BRDA:171,12,1,5
BRF:25
BRH:21
end_of_record
TN:
SF:src/components/flashMessages.tsx
FN:16,(anonymous_0)
FN:23,(anonymous_1)
FN:26,(anonymous_2)
FN:29,(anonymous_3)
FN:33,(anonymous_4)
FN:50,(anonymous_5)
FNF:6
FNH:6
FNDA:6,(anonymous_0)
FNDA:6,(anonymous_1)
FNDA:1,(anonymous_2)
FNDA:4,(anonymous_3)
FNDA:610,(anonymous_4)
FNDA:6,(anonymous_5)
DA:16,1
DA:20,6
DA:21,6
DA:23,6
DA:24,6
DA:25,4
DA:26,4
DA:27,1
DA:29,4
DA:33,610
DA:37,6
DA:38,4
DA:50,6
LF:13
LH:13
BRDA:18,0,0,4
BRDA:24,1,0,4
BRDA:24,1,1,2
BRDA:37,2,0,2
BRDA:37,2,1,4
BRF:5
BRH:5
end_of_record
TN:
SF:src/components/gameDifficultyToggle.tsx
FN:16,(anonymous_0)
FN:24,(anonymous_1)
FN:28,(anonymous_2)
FN:29,(anonymous_3)
FN:30,(anonymous_4)
FN:32,(anonymous_5)
FN:38,(anonymous_6)
FN:45,(anonymous_7)
FN:52,(anonymous_8)
FN:59,(anonymous_9)
FN:68,(anonymous_10)
FN:92,(anonymous_11)
FN:98,(anonymous_12)
FN:134,(anonymous_13)
FNF:14
FNH:14
FNDA:5,(anonymous_0)
FNDA:9,(anonymous_1)
FNDA:9,(anonymous_2)
FNDA:9,(anonymous_3)
FNDA:9,(anonymous_4)
FNDA:9,(anonymous_5)
FNDA:9,(anonymous_6)
FNDA:1018,(anonymous_7)
FNDA:3,(anonymous_8)
FNDA:1,(anonymous_9)
FNDA:27,(anonymous_10)
FNDA:45,(anonymous_11)
FNDA:1,(anonymous_12)
FNDA:9,(anonymous_13)
DA:15,1
DA:16,5
DA:22,1
DA:24,1
DA:25,9
DA:26,9
DA:28,9
DA:29,9
DA:30,9
DA:31,9
DA:32,9
DA:35,9
DA:36,9
DA:38,9
DA:39,9
DA:45,9
DA:46,1018
DA:52,9
DA:53,3
DA:54,3
DA:55,3
DA:58,9
DA:60,1
DA:61,1
DA:62,1
DA:68,27
DA:70,9
DA:94,45
DA:95,45
DA:98,1
DA:134,9
LF:31
LH:31
BRDA:39,0,0,3
BRDA:39,0,1,6
BRDA:53,1,0,0
BRDA:53,1,1,3
BRDA:68,2,0,9
BRDA:68,2,1,0
BRDA:85,3,0,3
BRDA:85,3,1,6
BRDA:99,4,0,45
BRDA:99,4,1,2
BRDA:107,5,0,45
BRDA:107,5,1,9
BRDA:108,6,0,45
BRDA:108,6,1,2
BRF:14
BRH:12
end_of_record
TN:
SF:src/components/gameHistory.tsx
FN:16,(anonymous_0)
FN:40,(anonymous_1)
FN:52,(anonymous_2)
FN:57,(anonymous_3)
FN:75,(anonymous_4)
FN:103,(anonymous_5)
FN:110,(anonymous_6)
FN:111,(anonymous_7)
FN:132,(anonymous_8)
FN:143,(anonymous_9)
FN:163,(anonymous_10)
FN:166,(anonymous_11)
FN:178,(anonymous_12)
FNF:13
FNH:13
FNDA:30,(anonymous_0)
FNDA:2,(anonymous_1)
FNDA:1,(anonymous_2)
FNDA:2,(anonymous_3)
FNDA:2,(anonymous_4)
FNDA:11,(anonymous_5)
FNDA:6,(anonymous_6)
FNDA:6,(anonymous_7)
FNDA:2,(anonymous_8)
FNDA:30,(anonymous_9)
FNDA:4,(anonymous_10)
FNDA:2,(anonymous_11)
FNDA:43,(anonymous_12)
DA:16,1
DA:17,30
DA:18,30
DA:20,30
DA:40,1
DA:41,2
DA:42,2
DA:43,2
DA:44,2
DA:45,2
DA:52,2
DA:53,1
DA:54,1
DA:57,2
DA:58,2
DA:59,2
DA:65,0
DA:72,2
DA:75,2
DA:103,1
DA:104,11
DA:105,11
DA:106,11
DA:107,11
DA:108,11
DA:110,11
DA:111,6
DA:112,6
DA:113,1
DA:114,1
DA:117,5
DA:118,5
DA:119,3
DA:121,1
DA:122,1
DA:124,4
DA:128,6
DA:131,11
DA:133,2
DA:138,11
DA:139,6
DA:144,30
DA:150,5
DA:151,1
DA:158,4
DA:163,4
DA:167,2
DA:178,43
LF:48
LH:47
BRDA:43,0,0,2
BRDA:43,0,1,0
BRDA:58,1,0,2
BRDA:58,1,1,0
BRDA:67,2,0,0
BRDA:67,2,1,0
BRDA:77,3,0,2
BRDA:77,3,1,0
BRDA:112,4,0,1
BRDA:112,4,1,5
BRDA:138,5,0,6
BRDA:138,5,1,5
BRDA:150,6,0,1
BRDA:150,6,1,4
BRF:14
BRH:9
end_of_record
TN:
SF:src/components/gameOverView.tsx
FN:25,(anonymous_0)
FN:32,(anonymous_1)
FN:39,(anonymous_2)
FN:90,(anonymous_3)
FNF:4
FNH:4
FNDA:5,(anonymous_0)
FNDA:5,(anonymous_1)
FNDA:14,(anonymous_2)
FNDA:5,(anonymous_3)
DA:25,1
DA:29,5
DA:30,5
DA:32,5
DA:33,5
DA:39,5
DA:40,14
DA:45,5
DA:46,5
DA:54,5
DA:90,5
LF:11
LH:11
BRDA:45,0,0,3
BRDA:45,0,1,2
BRDA:46,1,0,3
BRDA:46,1,1,2
BRDA:48,2,0,3
BRDA:48,2,1,0
BRDA:50,3,0,1
BRDA:50,3,1,1
BRF:8
BRH:7
end_of_record
TN:
SF:src/components/gameplayContainer.tsx
FN:11,(anonymous_0)
FN:12,(anonymous_1)
FN:13,(anonymous_2)
FN:14,(anonymous_3)
FN:16,(anonymous_4)
FN:48,(anonymous_5)
FNF:6
FNH:6
FNDA:4,(anonymous_0)
FNDA:4,(anonymous_1)
FNDA:4,(anonymous_2)
FNDA:4,(anonymous_3)
FNDA:4,(anonymous_4)
FNDA:4,(anonymous_5)
DA:11,1
DA:12,4
DA:13,4
DA:14,4
DA:15,4
DA:16,4
DA:18,4
DA:20,4
DA:22,4
DA:48,4
LF:10
LH:10
BRDA:24,0,0,1
BRDA:24,0,1,3
BRDA:37,1,0,4
BRDA:37,1,1,2
BRF:4
BRH:4
end_of_record
TN:
SF:src/components/gameplayView.tsx
FN:14,(anonymous_0)
FN:16,(anonymous_1)
FN:27,(anonymous_2)
FN:32,(anonymous_3)
FN:34,(anonymous_4)
FN:72,(anonymous_5)
FNF:6
FNH:5
FNDA:10,(anonymous_0)
FNDA:10,(anonymous_1)
FNDA:3,(anonymous_2)
FNDA:0,(anonymous_3)
FNDA:2,(anonymous_4)
FNDA:10,(anonymous_5)
DA:14,1
DA:15,10
DA:16,10
DA:22,10
DA:24,10
DA:25,10
DA:27,10
DA:28,3
DA:29,3
DA:32,10
DA:34,10
DA:35,2
DA:36,2
DA:37,2
DA:40,10
DA:72,10
LF:16
LH:16
BRF:0
BRH:0
end_of_record
TN:
SF:src/components/genres.tsx
FN:11,(anonymous_0)
FN:31,(anonymous_1)
FN:46,(anonymous_2)
FN:65,(anonymous_3)
FNF:4
FNH:4
FNDA:16,(anonymous_0)
FNDA:7,(anonymous_1)
FNDA:16,(anonymous_2)
FNDA:23,(anonymous_3)
DA:11,1
DA:12,16
DA:13,16
DA:31,1
DA:32,7
DA:34,7
DA:35,2
DA:42,5
DA:44,5
DA:47,16
DA:65,23
LF:11
LH:11
BRDA:31,0,0,6
BRDA:34,1,0,2
BRDA:34,1,1,5
BRDA:34,2,0,7
BRDA:34,2,1,6
BRDA:49,3,0,5
BRDA:49,3,1,2
BRF:7
BRH:7
end_of_record
TN:
SF:src/components/googleLogin.tsx
FN:9,(anonymous_0)
FN:27,(anonymous_1)
FN:58,(anonymous_2)
FNF:3
FNH:3
FNDA:4,(anonymous_0)
FNDA:2,(anonymous_1)
FNDA:4,(anonymous_2)
DA:9,1
DA:11,4
DA:12,4
DA:14,4
DA:15,4
DA:17,4
DA:20,4
DA:23,4
DA:27,4
DA:28,2
DA:29,2
DA:30,1
DA:32,1
DA:36,4
DA:58,4
LF:15
LH:15
BRDA:14,0,0,4
BRDA:14,0,1,2
BRDA:15,1,0,4
BRDA:15,1,1,3
BRDA:15,1,2,3
BRDA:17,2,0,1
BRDA:17,2,1,3
BRDA:20,3,0,1
BRDA:20,3,1,3
BRDA:23,4,0,1
BRDA:23,4,1,3
BRDA:29,5,0,1
BRDA:29,5,1,1
BRDA:49,6,0,4
BRDA:49,6,1,1
BRF:15
BRH:15
end_of_record
TN:
SF:src/components/guesses.tsx
FN:35,(anonymous_0)
FN:41,(anonymous_1)
FN:56,(anonymous_2)
FN:59,(anonymous_3)
FN:77,(anonymous_4)
FN:107,(anonymous_5)
FN:133,(anonymous_6)
FNF:7
FNH:6
FNDA:8,(anonymous_0)
FNDA:8,(anonymous_1)
FNDA:8,(anonymous_2)
FNDA:5,(anonymous_3)
FNDA:43,(anonymous_4)
FNDA:0,(anonymous_5)
FNDA:8,(anonymous_6)
DA:32,1
DA:34,1
DA:40,8
DA:41,8
DA:47,8
DA:49,8
DA:50,8
DA:51,8
DA:53,8
DA:54,8
DA:56,8
DA:57,8
DA:58,8
DA:59,5
DA:65,7
DA:66,7
DA:67,38
DA:68,13
DA:70,25
DA:73,7
DA:76,8
DA:78,43
DA:80,5
DA:82,25
DA:85,13
DA:88,13
DA:100,0
DA:106,8
DA:107,0
DA:111,8
DA:113,8
DA:133,8
LF:32
LH:30
BRDA:49,0,0,2
BRDA:49,0,1,6
BRDA:50,1,0,8
BRDA:50,1,1,6
BRDA:51,2,0,8
BRDA:51,2,1,6
BRDA:54,3,0,8
BRDA:54,3,1,0
BRDA:57,4,0,8
BRDA:57,4,1,0
BRDA:58,5,0,1
BRDA:58,5,1,7
BRDA:67,6,0,13
BRDA:67,6,1,25
BRDA:78,7,0,5
BRDA:78,7,1,25
BRDA:78,7,2,13
BRDA:78,7,3,0
BRDA:85,8,0,13
BRDA:85,8,1,4
BRDA:85,8,2,2
BRDA:111,9,0,8
BRDA:111,9,1,0
BRF:23
BRH:19
end_of_record
TN:
SF:src/components/hint.tsx
FN:14,(anonymous_0)
FN:24,(anonymous_1)
FN:35,(anonymous_2)
FN:49,(anonymous_3)
FN:51,(anonymous_4)
FN:102,(anonymous_5)
FN:104,(anonymous_6)
FN:145,(anonymous_7)
FNF:8
FNH:8
FNDA:1,(anonymous_0)
FNDA:1,(anonymous_1)
FNDA:4,(anonymous_2)
FNDA:5,(anonymous_3)
FNDA:5,(anonymous_4)
FNDA:9,(anonymous_5)
FNDA:9,(anonymous_6)
FNDA:7,(anonymous_7)
DA:14,1
DA:15,1
DA:16,1
DA:17,1
DA:24,1
DA:25,1
DA:26,1
DA:28,1
DA:30,1
DA:36,4
DA:49,1
DA:50,5
DA:51,5
DA:66,5
DA:67,5
DA:69,5
DA:72,4
DA:77,1
DA:86,3
DA:102,1
DA:103,9
DA:104,9
DA:111,9
DA:112,1
DA:115,8
DA:116,8
DA:120,2
DA:123,6
DA:128,1
DA:131,5
DA:145,7
LF:31
LH:31
BRDA:69,0,0,1
BRDA:69,0,1,4
BRDA:72,1,0,1
BRDA:72,1,1,3
BRDA:73,2,0,4
BRDA:73,2,1,2
BRDA:92,3,0,3
BRDA:92,3,1,2
BRDA:111,4,0,1
BRDA:111,4,1,8
BRDA:116,5,0,2
BRDA:116,5,1,6
BRDA:117,6,0,8
BRDA:117,6,1,7
BRDA:123,7,0,1
BRDA:123,7,1,5
BRDA:124,8,0,6
BRDA:124,8,1,6
BRDA:124,8,2,2
BRF:19
BRH:19
end_of_record
TN:
SF:src/components/hintButton.tsx
FN:26,(anonymous_0)
FN:38,(anonymous_1)
FN:53,(anonymous_2)
FN:82,(anonymous_3)
FN:98,(anonymous_4)
FN:128,(anonymous_5)
FNF:6
FNH:6
FNDA:5,(anonymous_0)
FNDA:5,(anonymous_1)
FNDA:15,(anonymous_2)
FNDA:5,(anonymous_3)
FNDA:1,(anonymous_4)
FNDA:5,(anonymous_5)
DA:26,1
DA:35,5
DA:36,5
DA:38,5
DA:39,5
DA:40,0
DA:49,5
DA:53,5
DA:54,15
DA:62,5
DA:63,5
DA:64,5
DA:66,5
DA:67,2
DA:68,2
DA:69,2
DA:70,3
DA:71,1
DA:72,1
DA:73,1
DA:76,5
DA:77,0
DA:78,0
DA:79,0
DA:82,5
DA:83,5
DA:85,1
DA:87,2
DA:90,2
DA:94,5
DA:98,1
DA:128,5
LF:32
LH:28
BRDA:39,0,0,0
BRDA:39,0,1,5
BRDA:56,1,0,0
BRDA:56,1,1,15
BRDA:66,2,0,2
BRDA:66,2,1,3
BRDA:70,3,0,1
BRDA:70,3,1,2
BRDA:76,4,0,0
BRDA:76,4,1,5
BRDA:83,5,0,1
BRDA:83,5,1,2
BRDA:83,5,2,2
BRDA:83,5,3,2
BRF:14
BRH:11
end_of_record
TN:
SF:src/components/hintUI.tsx
FN:44,(anonymous_0)
FN:59,(anonymous_1)
FN:68,(anonymous_2)
FN:103,(anonymous_3)
FN:146,(anonymous_4)
FNF:5
FNH:5
FNDA:5,(anonymous_0)
FNDA:15,(anonymous_1)
FNDA:5,(anonymous_2)
FNDA:10,(anonymous_3)
FNDA:5,(anonymous_4)
DA:18,1
DA:41,1
DA:43,1
DA:56,5
DA:57,5
DA:59,5
DA:60,15
DA:68,5
DA:69,5
DA:77,5
DA:104,10
DA:146,5
LF:12
LH:12
BRDA:62,0,0,0
BRDA:62,0,1,15
BRDA:70,1,0,1
BRDA:70,1,1,4
BRDA:86,2,0,1
BRDA:86,2,1,4
BRDA:92,3,0,5
BRDA:92,3,1,1
BRDA:107,4,0,10
BRDA:107,4,1,0
BRDA:118,5,0,5
BRDA:118,5,1,1
BRF:12
BRH:10
end_of_record
TN:
SF:src/components/historyDetailModal.tsx
FN:18,(anonymous_0)
FN:19,(anonymous_1)
FN:20,(anonymous_2)
FN:27,(anonymous_3)
FN:42,(anonymous_4)
FN:49,(anonymous_5)
FN:81,(anonymous_6)
FN:150,(anonymous_7)
FNF:8
FNH:5
FNDA:0,(anonymous_0)
FNDA:0,(anonymous_1)
FNDA:0,(anonymous_2)
FNDA:14,(anonymous_3)
FNDA:6,(anonymous_4)
FNDA:4,(anonymous_5)
FNDA:14,(anonymous_6)
FNDA:14,(anonymous_7)
DA:18,1
DA:19,1
DA:20,1
DA:27,1
DA:31,14
DA:32,14
DA:34,14
DA:35,14
DA:36,14
DA:39,14
DA:40,14
DA:42,14
DA:43,6
DA:44,2
DA:45,2
DA:46,2
DA:49,4
DA:50,4
DA:51,4
DA:52,4
DA:53,4
DA:54,4
DA:57,4
DA:63,3
DA:64,3
DA:65,3
DA:66,3
DA:68,0
DA:71,1
DA:72,1
DA:74,4
DA:78,4
DA:81,14
DA:82,14
DA:83,4
DA:92,10
DA:93,1
DA:99,9
DA:100,3
DA:120,6
DA:123,14
DA:150,14
LF:42
LH:41
BRDA:43,0,0,2
BRDA:43,0,1,4
BRDA:43,1,0,6
BRDA:43,1,1,5
BRDA:63,2,0,3
BRDA:63,2,1,0
BRDA:63,3,0,3
BRDA:63,3,1,3
BRDA:72,4,0,1
BRDA:72,4,1,0
BRDA:82,5,0,4
BRDA:82,5,1,10
BRDA:92,6,0,1
BRDA:92,6,1,9
BRDA:99,7,0,3
BRDA:99,7,1,6
BRDA:103,8,0,3
BRDA:103,8,1,3
BRF:18
BRH:16
end_of_record
TN:
SF:src/components/loadingIndicator.tsx
FN:13,(anonymous_0)
FN:14,(anonymous_1)
FN:29,(anonymous_2)
FN:52,(anonymous_3)
FNF:4
FNH:4
FNDA:10,(anonymous_0)
FNDA:10,(anonymous_1)
FNDA:10,(anonymous_2)
FNDA:10,(anonymous_3)
DA:13,5
DA:14,10
DA:15,10
DA:17,9
DA:18,9
DA:20,9
DA:21,1
DA:23,8
DA:24,8
DA:28,5
DA:30,10
DA:31,10
DA:33,10
DA:52,10
LF:14
LH:14
BRDA:15,0,0,1
BRDA:15,0,1,9
BRDA:20,1,0,1
BRDA:20,1,1,8
BRDA:20,2,0,9
BRDA:20,2,1,8
BRDA:39,3,0,10
BRDA:39,3,1,1
BRF:8
BRH:8
end_of_record
TN:
SF:src/components/network.tsx
FN:10,(anonymous_0)
FN:31,(anonymous_1)
FNF:2
FNH:2
FNDA:2,(anonymous_0)
FNDA:2,(anonymous_1)
DA:10,1
DA:11,2
DA:13,2
DA:14,1
DA:17,1
DA:31,2
LF:6
LH:6
BRDA:13,0,0,1
BRDA:13,0,1,1
BRDA:39,1,0,2
BRDA:39,1,1,0
BRF:4
BRH:3
end_of_record
TN:
SF:src/components/personalizedStatsMessage.tsx
FN:12,(anonymous_0)
FN:14,(anonymous_1)
FN:15,(anonymous_2)
FN:21,(anonymous_3)
FN:22,(anonymous_4)
FN:36,(anonymous_5)
FN:71,(anonymous_6)
FN:102,(anonymous_7)
FNF:8
FNH:8
FNDA:14,(anonymous_0)
FNDA:14,(anonymous_1)
FNDA:14,(anonymous_2)
FNDA:7,(anonymous_3)
FNDA:7,(anonymous_4)
FNDA:14,(anonymous_5)
FNDA:7,(anonymous_6)
FNDA:14,(anonymous_7)
DA:12,1
DA:13,14
DA:14,14
DA:15,14
DA:16,14
DA:18,14
DA:19,14
DA:21,14
DA:22,7
DA:23,7
DA:24,7
DA:25,7
DA:26,7
DA:28,0
DA:30,7
DA:33,7
DA:36,14
DA:37,14
DA:39,7
DA:40,3
DA:44,1
DA:49,2
DA:50,1
DA:55,1
DA:56,1
DA:63,4
DA:64,1
DA:70,3
DA:71,7
DA:72,1
DA:73,1
DA:79,2
DA:82,14
DA:84,7
DA:102,14
LF:35
LH:34
BRDA:23,0,0,0
BRDA:23,0,1,7
BRDA:37,1,0,7
BRDA:37,1,1,7
BRDA:37,2,0,14
BRDA:37,2,1,7
BRDA:37,2,2,7
BRDA:39,3,0,3
BRDA:39,3,1,4
BRDA:40,4,0,1
BRDA:40,4,1,2
BRDA:41,5,0,3
BRDA:41,5,1,2
BRDA:49,6,0,1
BRDA:49,6,1,1
BRDA:55,7,0,1
BRDA:55,7,1,0
BRDA:63,8,0,1
BRDA:63,8,1,3
BRDA:63,9,0,4
BRDA:63,9,1,4
BRDA:70,10,0,1
BRDA:70,10,1,2
BRDA:82,11,0,7
BRDA:82,11,1,7
BRF:25
BRH:23
end_of_record
TN:
SF:src/components/picker.tsx
FN:37,(anonymous_0)
FN:49,(anonymous_1)
FN:73,(anonymous_2)
FN:82,(anonymous_3)
FN:89,(anonymous_4)
FN:97,(anonymous_5)
FN:117,(anonymous_6)
FN:133,(anonymous_7)
FN:134,(anonymous_8)
FN:141,(anonymous_9)
FN:146,(anonymous_10)
FN:152,(anonymous_11)
FN:162,(anonymous_12)
FN:172,(anonymous_13)
FNF:14
FNH:12
FNDA:31,(anonymous_0)
FNDA:31,(anonymous_1)
FNDA:0,(anonymous_2)
FNDA:6,(anonymous_3)
FNDA:0,(anonymous_4)
FNDA:11,(anonymous_5)
FNDA:6,(anonymous_6)
FNDA:11,(anonymous_7)
FNDA:11,(anonymous_8)
FNDA:19,(anonymous_9)
FNDA:4,(anonymous_10)
FNDA:3,(anonymous_11)
FNDA:1,(anonymous_12)
FNDA:11,(anonymous_13)
DA:30,1
DA:34,0
DA:37,1
DA:48,31
DA:49,31
DA:62,31
DA:63,31
DA:64,31
DA:65,31
DA:68,31
DA:70,31
DA:71,31
DA:73,31
DA:74,0
DA:81,31
DA:83,6
DA:84,6
DA:86,6
DA:88,6
DA:89,0
DA:96,31
DA:98,11
DA:100,10
DA:101,10
DA:102,10
DA:104,10
DA:105,3
DA:108,10
DA:109,10
DA:110,3
DA:111,3
DA:112,3
DA:115,7
DA:117,7
DA:118,6
DA:120,6
DA:121,6
DA:122,0
DA:123,0
DA:126,6
DA:127,6
DA:133,31
DA:134,11
DA:135,11
DA:136,6
DA:141,31
DA:145,31
DA:147,4
DA:148,4
DA:149,4
DA:151,4
DA:152,3
DA:153,3
DA:155,1
DA:161,31
DA:163,1
DA:164,1
DA:165,1
DA:166,1
DA:171,31
DA:173,11
DA:191,31
DA:192,31
DA:194,31
DA:195,1
DA:198,30
LF:66
LH:61
BRDA:30,0,0,0
BRDA:30,0,1,1
BRDA:31,1,0,1
BRDA:31,1,1,0
BRDA:84,2,0,0
BRDA:84,2,1,6
BRDA:98,3,0,1
BRDA:98,3,1,10
BRDA:104,4,0,3
BRDA:104,4,1,7
BRDA:109,5,0,3
BRDA:109,5,1,7
BRDA:120,6,0,6
BRDA:120,6,1,0
BRDA:122,7,0,0
BRDA:122,7,1,0
BRDA:135,8,0,6
BRDA:135,8,1,5
BRDA:148,9,0,1
BRDA:148,9,1,3
BRDA:151,10,0,3
BRDA:151,10,1,1
BRDA:153,11,0,3
BRDA:153,11,1,0
BRDA:191,12,0,31
BRDA:191,12,1,14
BRDA:192,13,0,31
BRDA:192,13,1,11
BRDA:194,14,0,1
BRDA:194,14,1,30
BRF:30
BRH:23
end_of_record
TN:
SF:src/components/pickerItem.tsx
FN:37,(anonymous_0)
FN:40,(anonymous_1)
FN:64,(anonymous_2)
FN:65,(anonymous_3)
FN:67,(anonymous_4)
FN:133,(anonymous_5)
FNF:6
FNH:6
FNDA:9,(anonymous_0)
FNDA:9,(anonymous_1)
FNDA:1,(anonymous_2)
FNDA:1,(anonymous_3)
FNDA:9,(anonymous_4)
FNDA:9,(anonymous_5)
DA:18,1
DA:22,0
DA:34,1
DA:36,1
DA:38,9
DA:40,9
DA:41,9
DA:42,9
DA:46,9
DA:49,9
DA:51,9
DA:54,9
DA:58,9
DA:64,1
DA:65,1
DA:67,9
DA:133,9
LF:17
LH:16
BRDA:18,0,0,0
BRDA:18,0,1,1
BRDA:19,1,0,1
BRDA:19,1,1,0
BRDA:41,2,0,9
BRDA:41,2,1,0
BRDA:46,3,0,9
BRDA:46,3,1,0
BRDA:51,4,0,8
BRDA:51,4,1,1
BRDA:54,5,0,8
BRDA:54,5,1,1
BRDA:69,6,0,9
BRDA:69,6,1,0
BRDA:90,7,0,9
BRDA:90,7,1,2
BRDA:90,7,2,2
BRF:17
BRH:12
end_of_record
TN:
SF:src/components/pickerSkeleton.tsx
FN:7,(anonymous_0)
FN:26,(anonymous_1)
FNF:2
FNH:2
FNDA:2,(anonymous_0)
FNDA:2,(anonymous_1)
DA:7,1
DA:8,2
DA:9,2
DA:11,2
DA:26,2
LF:5
LH:5
BRF:0
BRH:0
end_of_record
TN:
SF:src/components/pickerUI.tsx
FN:29,(anonymous_0)
FN:80,(anonymous_1)
FN:114,(anonymous_2)
FNF:3
FNH:2
FNDA:8,(anonymous_0)
FNDA:0,(anonymous_1)
FNDA:8,(anonymous_2)
DA:28,1
DA:40,8
DA:42,8
DA:80,0
DA:114,8
LF:5
LH:4
BRDA:56,0,0,8
BRDA:56,0,1,1
BRDA:61,1,0,8
BRDA:61,1,1,1
BRDA:71,2,0,8
BRDA:71,2,1,4
BRDA:73,3,0,1
BRDA:73,3,1,3
BRDA:75,4,0,1
BRDA:75,4,1,2
BRDA:90,5,0,1
BRDA:90,5,1,1
BRF:12
BRH:12
end_of_record
TN:
SF:src/components/playerStats.tsx
FN:17,(anonymous_0)
FN:70,(anonymous_1)
FNF:2
FNH:2
FNDA:5,(anonymous_0)
FNDA:5,(anonymous_1)
DA:16,1
DA:18,5
DA:20,5
DA:21,2
DA:28,3
DA:70,5
LF:6
LH:6
BRDA:20,0,0,2
BRDA:20,0,1,3
BRDA:20,1,0,5
BRDA:20,1,1,4
BRF:4
BRH:4
end_of_record
TN:
SF:src/components/profileSection.tsx
FN:14,(anonymous_0)
FN:46,(anonymous_1)
FNF:2
FNH:2
FNDA:9,(anonymous_0)
FNDA:9,(anonymous_1)
DA:14,2
DA:19,9
DA:21,9
DA:46,9
LF:4
LH:4
BRDA:58,0,0,0
BRDA:58,0,1,9
BRF:2
BRH:1
end_of_record
TN:
SF:src/components/revealSequence.tsx
FN:24,(anonymous_0)
FN:27,(anonymous_1)
FN:34,(anonymous_2)
FN:42,(anonymous_3)
FN:43,(anonymous_4)
FN:50,(anonymous_5)
FN:54,(anonymous_6)
FN:61,(anonymous_7)
FN:90,(anonymous_8)
FNF:9
FNH:9
FNDA:3,(anonymous_0)
FNDA:3,(anonymous_1)
FNDA:3,(anonymous_2)
FNDA:3,(anonymous_3)
FNDA:1,(anonymous_4)
FNDA:3,(anonymous_5)
FNDA:3,(anonymous_6)
FNDA:3,(anonymous_7)
FNDA:3,(anonymous_8)
DA:18,1
DA:24,1
DA:27,3
DA:28,3
DA:30,3
DA:31,3
DA:32,3
DA:34,3
DA:35,3
DA:36,3
DA:40,3
DA:43,3
DA:44,1
DA:50,3
DA:54,3
DA:55,3
DA:56,3
DA:61,3
DA:68,3
DA:72,3
DA:74,3
DA:90,3
LF:22
LH:22
BRDA:68,0,0,2
BRDA:68,0,1,1
BRDA:72,1,0,3
BRDA:72,1,1,0
BRF:4
BRH:3
end_of_record
TN:
SF:src/components/statItem.tsx
FN:13,(anonymous_0)
FN:32,(anonymous_1)
FNF:2
FNH:2
FNDA:3,(anonymous_0)
FNDA:3,(anonymous_1)
DA:13,1
DA:14,3
DA:16,3
DA:32,3
LF:4
LH:4
BRF:0
BRH:0
end_of_record
TN:
SF:src/components/themeSelector.tsx
FN:8,(anonymous_0)
FN:29,(anonymous_1)
FN:32,(anonymous_2)
FN:68,(anonymous_3)
FNF:4
FNH:4
FNDA:3,(anonymous_0)
FNDA:9,(anonymous_1)
FNDA:1,(anonymous_2)
FNDA:3,(anonymous_3)
DA:8,1
DA:9,3
DA:10,3
DA:12,3
DA:18,3
DA:30,9
DA:32,1
DA:68,3
LF:8
LH:8
BRDA:35,0,0,9
BRDA:35,0,1,3
BRDA:44,1,0,9
BRDA:44,1,1,3
BRF:4
BRH:4
end_of_record
TN:
SF:src/components/titleHeader.tsx
FN:10,(anonymous_0)
FN:22,(anonymous_1)
FNF:2
FNH:2
FNDA:2,(anonymous_0)
FNDA:2,(anonymous_1)
DA:10,1
DA:11,2
DA:13,2
DA:22,2
LF:4
LH:4
BRF:0
BRH:0
end_of_record
TN:
SF:src/components/tutorialTooltip.tsx
FN:22,(anonymous_0)
FN:31,(anonymous_1)
FN:38,(anonymous_2)
FN:43,(anonymous_3)
FN:76,(anonymous_4)
FNF:5
FNH:5
FNDA:3,(anonymous_0)
FNDA:3,(anonymous_1)
FNDA:3,(anonymous_2)
FNDA:1,(anonymous_3)
FNDA:3,(anonymous_4)
DA:22,1
DA:28,3
DA:29,3
DA:31,3
DA:32,3
DA:38,3
DA:43,3
DA:44,1
DA:45,1
DA:48,3
DA:50,2
DA:76,3
LF:12
LH:12
BRDA:32,0,0,2
BRDA:32,0,1,1
BRDA:48,1,0,1
BRDA:48,1,1,2
BRF:4
BRH:4
end_of_record
TN:
SF:src/components/utils.ts
FNF:0
FNH:0
DA:17,0
LF:1
LH:0
BRF:0
BRH:0
end_of_record
TN:
SF:src/components/victory-charts.ts
FNF:0
FNH:0
LF:0
LH:0
BRF:0
BRH:0
end_of_record
TN:
SF:src/components/victory-charts.web.ts
FNF:0
FNH:0
LF:0
LH:0
BRF:0
BRH:0
end_of_record
TN:
SF:src/components/whereToWatch.tsx
FN:7,(anonymous_0)
FN:25,(anonymous_1)
FN:53,(anonymous_2)
FNF:3
FNH:3
FNDA:4,(anonymous_0)
FNDA:16,(anonymous_1)
FNDA:4,(anonymous_2)
DA:7,1
DA:8,4
DA:10,4
DA:21,4
DA:26,16
DA:53,4
LF:6
LH:6
BRF:0
BRH:0
end_of_record
TN:
SF:src/components/winChart.tsx
FN:16,(anonymous_0)
FN:19,(anonymous_1)
FN:21,(anonymous_2)
FN:26,(anonymous_3)
FN:48,(anonymous_4)
FN:84,(anonymous_5)
FN:117,(anonymous_6)
FNF:7
FNH:6
FNDA:3,(anonymous_0)
FNDA:15,(anonymous_1)
FNDA:3,(anonymous_2)
FNDA:10,(anonymous_3)
FNDA:10,(anonymous_4)
FNDA:0,(anonymous_5)
FNDA:3,(anonymous_6)
DA:16,1
DA:17,3
DA:18,3
DA:19,15
DA:21,3
DA:22,3
DA:23,1
DA:25,2
DA:27,10
DA:35,2
DA:38,3
DA:39,1
DA:48,10
DA:53,2
DA:84,0
DA:117,3
LF:16
LH:15
BRDA:22,0,0,1
BRDA:22,0,1,2
BRDA:27,1,0,6
BRDA:27,1,1,4
BRDA:28,2,0,3
BRDA:28,2,1,3
BRDA:29,3,0,2
BRDA:29,3,1,4
BRDA:38,4,0,1
BRDA:38,4,1,2
BRDA:84,5,0,0
BRDA:84,5,1,0
BRF:12
BRH:10
end_of_record
TN:
SF:src/components/gameOver/fullPlotSection.tsx
FN:12,(anonymous_0)
FN:13,(anonymous_1)
FN:34,(anonymous_2)
FNF:3
FNH:3
FNDA:4,(anonymous_0)
FNDA:4,(anonymous_1)
FNDA:4,(anonymous_2)
DA:12,1
DA:13,4
DA:14,4
DA:16,4
DA:34,4
LF:5
LH:5
BRF:0
BRH:0
end_of_record
TN:
SF:src/components/gameOver/shareResultButton.tsx
FN:13,(anonymous_0)
FN:19,(anonymous_1)
FN:53,(anonymous_2)
FNF:3
FNH:3
FNDA:10,(anonymous_0)
FNDA:3,(anonymous_1)
FNDA:10,(anonymous_2)
DA:13,1
DA:16,10
DA:17,10
DA:19,10
DA:20,3
DA:21,3
DA:22,3
DA:23,3
DA:25,1
DA:26,1
DA:31,3
DA:35,10
DA:53,10
LF:13
LH:13
BRDA:20,0,0,0
BRDA:20,0,1,3
BRF:2
BRH:1
end_of_record
TN:
SF:src/components/guess/emptyGuessTile.tsx
FN:10,(anonymous_0)
FN:24,(anonymous_1)
FNF:2
FNH:2
FNDA:3,(anonymous_0)
FNDA:3,(anonymous_1)
DA:10,1
DA:11,3
DA:12,3
DA:24,3
LF:4
LH:4
BRF:0
BRH:0
end_of_record
TN:
SF:src/components/guess/guessRow.tsx
FN:28,(anonymous_0)
FN:48,(anonymous_1)
FN:59,(anonymous_2)
FN:73,(anonymous_3)
FN:109,(anonymous_4)
FN:145,(anonymous_5)
FNF:6
FNH:6
FNDA:3,(anonymous_0)
FNDA:5,(anonymous_1)
FNDA:2,(anonymous_2)
FNDA:2,(anonymous_3)
FNDA:2,(anonymous_4)
FNDA:3,(anonymous_5)
DA:27,1
DA:36,3
DA:37,3
DA:40,3
DA:47,3
DA:48,5
DA:50,3
DA:51,3
DA:54,3
DA:56,3
DA:57,3
DA:59,3
DA:62,2
DA:70,2
DA:73,3
DA:74,2
DA:79,0
DA:81,2
DA:84,3
DA:110,2
DA:145,3
LF:21
LH:20
BRDA:50,0,0,3
BRDA:50,0,1,0
BRDA:51,1,0,3
BRDA:51,1,1,0
BRDA:56,2,0,1
BRDA:56,2,1,2
BRDA:56,3,0,3
BRDA:56,3,1,1
BRDA:70,4,0,2
BRDA:70,4,1,0
BRDA:74,5,0,0
BRDA:74,5,1,2
BRDA:75,6,0,2
BRDA:75,6,1,0
BRDA:75,6,2,0
BRDA:86,7,0,3
BRDA:86,7,1,1
BRDA:96,8,0,1
BRDA:96,8,1,2
BRDA:97,9,0,1
BRDA:97,9,1,2
BRDA:107,10,0,3
BRDA:107,10,1,3
BRDA:107,10,2,2
BRF:24
BRH:18
end_of_record
TN:
SF:src/components/guess/skeletonRow.tsx
FN:7,(anonymous_0)
FN:28,(anonymous_1)
FNF:2
FNH:2
FNDA:3,(anonymous_0)
FNDA:3,(anonymous_1)
DA:7,1
DA:8,3
DA:9,3
DA:11,3
DA:28,3
LF:5
LH:5
BRF:0
BRH:0
end_of_record
TN:
SF:src/components/ui/button.tsx
FN:25,(anonymous_0)
FN:35,(anonymous_1)
FN:37,(anonymous_2)
FN:40,(anonymous_3)
FN:46,(anonymous_4)
FN:73,(anonymous_5)
FN:120,(anonymous_6)
FNF:7
FNH:7
FNDA:59,(anonymous_0)
FNDA:48,(anonymous_1)
FNDA:48,(anonymous_2)
FNDA:48,(anonymous_3)
FNDA:59,(anonymous_4)
FNDA:48,(anonymous_5)
FNDA:48,(anonymous_6)
DA:25,10
DA:34,59
DA:35,59
DA:36,59
DA:37,48
DA:40,59
DA:42,59
DA:44,59
DA:46,59
DA:73,10
DA:77,48
DA:79,22
DA:90,5
DA:99,4
DA:109,17
DA:120,10
DA:123,48
DA:125,2
DA:130,0
DA:136,46
LF:20
LH:19
BRDA:27,0,0,8
BRDA:28,1,0,57
BRDA:29,2,0,33
BRDA:42,3,0,59
BRDA:42,3,1,57
BRDA:50,4,0,59
BRDA:50,4,1,0
BRDA:50,4,2,0
BRDA:51,5,0,59
BRDA:51,5,1,10
BRDA:59,6,0,8
BRDA:59,6,1,51
BRDA:77,7,0,22
BRDA:77,7,1,5
BRDA:77,7,2,4
BRDA:77,7,3,17
BRDA:77,7,4,17
BRDA:123,8,0,2
BRDA:123,8,1,0
BRDA:123,8,2,46
BRDA:123,8,3,46
BRF:21
BRH:18
end_of_record
TN:
SF:src/components/ui/card.tsx
FN:8,(anonymous_0)
FN:11,(anonymous_1)
FNF:2
FNH:2
FNDA:17,(anonymous_0)
FNDA:17,(anonymous_1)
DA:8,4
DA:9,17
DA:10,17
DA:12,17
DA:28,17
LF:5
LH:5
BRF:0
BRH:0
end_of_record
TN:
SF:src/components/ui/typography.tsx
FN:12,(anonymous_0)
FN:18,(anonymous_1)
FN:20,(anonymous_2)
FNF:3
FNH:3
FNDA:205,(anonymous_0)
FNDA:199,(anonymous_1)
FNDA:205,(anonymous_2)
DA:12,29
DA:17,205
DA:18,205
DA:20,205
DA:21,205
DA:23,6
DA:25,24
DA:27,0
DA:29,11
DA:31,11
DA:34,153
DA:38,205
DA:40,205
LF:13
LH:12
BRDA:13,0,0,131
BRDA:21,1,0,6
BRDA:21,1,1,24
BRDA:21,1,2,0
BRDA:21,1,3,11
BRDA:21,1,4,11
BRDA:21,1,5,153
BRDA:21,1,6,153
BRF:8
BRH:7
end_of_record
TN:
SF:src/contexts/authContext.tsx
FN:32,(anonymous_0)
FN:40,(anonymous_1)
FN:51,(anonymous_2)
FN:55,(anonymous_3)
FN:91,(anonymous_4)
FN:98,(anonymous_5)
FN:114,(anonymous_6)
FNF:7
FNH:5
FNDA:7,(anonymous_0)
FNDA:0,(anonymous_1)
FNDA:4,(anonymous_2)
FNDA:3,(anonymous_3)
FNDA:0,(anonymous_4)
FNDA:4,(anonymous_5)
FNDA:7,(anonymous_6)
DA:30,7
DA:32,7
DA:35,7
DA:36,7
DA:37,7
DA:38,7
DA:40,7
DA:41,0
DA:49,7
DA:51,7
DA:52,4
DA:53,4
DA:56,3
DA:57,3
DA:59,3
DA:60,3
DA:61,2
DA:62,2
DA:66,1
DA:68,1
DA:69,1
DA:71,0
DA:77,1
DA:80,1
DA:84,1
DA:85,1
DA:86,1
DA:88,3
DA:92,0
DA:93,0
DA:94,0
DA:98,4
DA:101,7
DA:111,7
DA:114,7
DA:115,7
DA:116,7
DA:117,0
DA:119,7
LF:39
LH:33
BRDA:60,0,0,2
BRDA:60,0,1,1
BRDA:64,1,0,2
BRDA:64,1,1,2
BRDA:68,2,0,1
BRDA:68,2,1,0
BRDA:105,3,0,7
BRDA:105,3,1,6
BRDA:116,4,0,0
BRDA:116,4,1,7
BRF:10
BRH:8
end_of_record
TN:
SF:src/contexts/networkContext.tsx
FN:17,(anonymous_0)
FN:24,(anonymous_1)
FN:27,(anonymous_2)
FN:46,(anonymous_3)
FN:49,(anonymous_4)
FN:58,(anonymous_5)
FN:71,(anonymous_6)
FNF:7
FNH:7
FNDA:9,(anonymous_0)
FNDA:4,(anonymous_1)
FNDA:4,(anonymous_2)
FNDA:1,(anonymous_3)
FNDA:1,(anonymous_4)
FNDA:4,(anonymous_5)
FNDA:12,(anonymous_6)
DA:15,1
DA:17,1
DA:20,9
DA:24,9
DA:25,4
DA:27,4
DA:28,4
DA:29,4
DA:30,3
DA:31,3
DA:32,3
DA:34,3
DA:37,1
DA:38,1
DA:39,1
DA:44,4
DA:46,4
DA:47,1
DA:48,1
DA:49,1
DA:50,1
DA:51,1
DA:53,1
DA:58,4
DA:59,4
DA:60,4
DA:64,9
DA:66,9
DA:71,1
DA:72,12
DA:73,11
DA:74,2
DA:76,9
LF:33
LH:33
BRDA:30,0,0,3
BRDA:30,0,1,0
BRDA:31,1,0,3
BRDA:31,1,1,0
BRDA:38,2,0,1
BRDA:38,2,1,0
BRDA:47,3,0,1
BRDA:47,3,1,0
BRDA:48,4,0,1
BRDA:48,4,1,0
BRDA:50,5,0,1
BRDA:50,5,1,0
BRDA:73,6,0,2
BRDA:73,6,1,9
BRF:14
BRH:8
end_of_record
TN:
SF:src/contexts/themeContext.tsx
FN:34,(anonymous_0)
FN:41,(anonymous_1)
FN:42,(anonymous_2)
FN:57,(anonymous_3)
FN:83,(anonymous_4)
FNF:5
FNH:4
FNDA:248,(anonymous_0)
FNDA:241,(anonymous_1)
FNDA:241,(anonymous_2)
FNDA:0,(anonymous_3)
FNDA:699,(anonymous_4)
DA:28,51
DA:30,51
DA:34,51
DA:35,248
DA:36,248
DA:39,248
DA:41,248
DA:42,241
DA:43,241
DA:44,241
DA:47,241
DA:48,0
DA:51,0
DA:54,241
DA:57,248
DA:58,0
DA:59,0
DA:60,0
DA:62,0
DA:63,0
DA:64,0
DA:66,0
DA:70,0
DA:74,248
DA:76,248
DA:83,51
DA:84,699
DA:85,699
DA:86,0
DA:88,699
LF:30
LH:19
BRDA:35,0,0,248
BRDA:35,0,1,0
BRDA:39,1,0,248
BRDA:39,1,1,0
BRDA:47,2,0,0
BRDA:47,2,1,241
BRDA:62,3,0,0
BRDA:62,3,1,0
BRDA:63,4,0,0
BRDA:63,4,1,0
BRDA:74,5,0,0
BRDA:74,5,1,248
BRDA:85,6,0,0
BRDA:85,6,1,699
BRF:14
BRH:5
end_of_record
TN:
SF:src/services/firebaseClient.ts
FNF:0
FNH:0
DA:13,40
DA:23,40
DA:31,40
DA:33,40
DA:35,40
DA:40,40
DA:41,0
DA:43,40
DA:46,40
DA:48,40
DA:49,0
DA:54,40
DA:58,0
LF:13
LH:10
BRDA:23,0,0,0
BRDA:23,0,1,40
BRDA:40,1,0,0
BRDA:40,1,1,40
BRDA:48,2,0,0
BRDA:48,2,1,40
BRF:6
BRH:3
end_of_record
TN:
SF:src/services/gameService.ts
FN:27,(anonymous_0)
FN:46,(anonymous_1)
FN:80,(anonymous_2)
FN:92,(anonymous_3)
FN:117,(anonymous_4)
FN:154,(anonymous_5)
FN:161,(anonymous_6)
FNF:7
FNH:7
FNDA:2,(anonymous_0)
FNDA:2,(anonymous_1)
FNDA:2,(anonymous_2)
FNDA:2,(anonymous_3)
FNDA:2,(anonymous_4)
FNDA:1,(anonymous_5)
FNDA:2,(anonymous_6)
DA:26,25
DA:31,2
DA:36,2
DA:37,2
DA:38,1
DA:40,1
DA:41,1
DA:42,1
DA:52,2
DA:57,2
DA:59,2
DA:60,1
DA:61,1
DA:62,1
DA:64,1
DA:75,1
DA:76,1
DA:83,2
DA:88,2
DA:89,2
DA:93,2
DA:98,2
DA:99,2
DA:100,1
DA:102,1
DA:112,1
DA:113,1
DA:122,2
DA:123,1
DA:126,1
DA:128,1
DA:133,1
DA:135,1
DA:140,1
DA:142,1
DA:143,1
DA:148,1
DA:151,1
DA:155,1
DA:159,1
DA:160,1
DA:161,2
LF:42
LH:42
BRDA:37,0,0,1
BRDA:37,0,1,1
BRDA:59,1,0,1
BRDA:59,1,1,1
BRDA:89,2,0,1
BRDA:89,2,1,1
BRDA:99,3,0,1
BRDA:99,3,1,1
BRDA:120,4,0,1
BRDA:122,5,0,1
BRDA:122,5,1,1
BRDA:142,6,0,1
BRDA:142,6,1,0
BRF:13
BRH:12
end_of_record
TN:
SF:src/services/gameServiceFactory.ts
FN:13,getGameDataService
FNF:1
FNH:1
FNDA:3,getGameDataService
DA:7,20
DA:14,3
DA:15,3
DA:16,1
DA:18,2
LF:5
LH:5
BRDA:15,0,0,1
BRDA:15,0,1,2
BRF:2
BRH:2
end_of_record
TN:
SF:src/services/iGameDataService.ts
FNF:0
FNH:0
LF:0
LH:0
BRF:0
BRH:0
end_of_record
TN:
SF:src/services/movieDataService.ts
FN:27,(anonymous_0)
FN:29,(anonymous_1)
FN:78,(anonymous_2)
FN:86,(anonymous_3)
FN:91,(anonymous_4)
FN:94,(anonymous_5)
FN:116,(anonymous_6)
FN:119,(anonymous_7)
FN:133,(anonymous_8)
FN:134,(anonymous_9)
FNF:10
FNH:7
FNDA:5,(anonymous_0)
FNDA:4,(anonymous_1)
FNDA:2,(anonymous_2)
FNDA:0,(anonymous_3)
FNDA:0,(anonymous_4)
FNDA:0,(anonymous_5)
FNDA:2,(anonymous_6)
FNDA:2,(anonymous_7)
FNDA:3,(anonymous_8)
FNDA:5,(anonymous_9)
DA:24,25
DA:25,25
DA:29,5
DA:34,5
DA:85,2
DA:86,0
DA:87,0
DA:89,0
DA:92,0
DA:94,0
DA:103,2
DA:104,1
DA:107,1
DA:108,1
DA:109,1
DA:110,1
DA:111,1
DA:113,1
DA:114,1
DA:116,1
DA:117,2
DA:119,2
DA:126,1
DA:134,5
DA:135,3
LF:25
LH:20
BRDA:29,0,0,5
BRDA:29,0,1,0
BRDA:31,1,0,4
BRDA:31,1,1,0
BRDA:41,2,0,5
BRDA:41,2,1,3
BRDA:42,3,0,5
BRDA:42,3,1,3
BRDA:43,4,0,5
BRDA:43,4,1,3
BRDA:44,5,0,5
BRDA:44,5,1,3
BRDA:45,6,0,5
BRDA:45,6,1,3
BRDA:46,7,0,5
BRDA:46,7,1,0
BRDA:52,8,0,5
BRDA:52,8,1,3
BRDA:54,9,0,5
BRDA:54,9,1,3
BRDA:65,10,0,5
BRDA:65,10,1,3
BRDA:70,11,0,5
BRDA:70,11,1,0
BRDA:85,12,0,0
BRDA:85,12,1,2
BRDA:87,13,0,0
BRDA:87,13,1,0
BRDA:103,14,0,1
BRDA:103,14,1,1
BRDA:103,15,0,2
BRDA:103,15,1,2
BRDA:135,16,0,2
BRDA:135,16,1,1
BRF:34
BRH:27
end_of_record
TN:
SF:src/services/videoGameService.ts
FN:7,(anonymous_0)
FN:25,(anonymous_1)
FNF:2
FNH:2
FNDA:1,(anonymous_0)
FNDA:1,(anonymous_1)
DA:5,22
DA:14,1
DA:15,1
DA:26,1
LF:4
LH:4
BRF:0
BRH:0
end_of_record
TN:
SF:src/state/gameStore.ts
FN:76,(anonymous_0)
FN:97,(anonymous_1)
FN:128,(anonymous_2)
FN:136,(anonymous_3)
FN:181,(anonymous_4)
FN:191,(anonymous_5)
FN:200,(anonymous_6)
FN:204,(anonymous_7)
FN:220,(anonymous_8)
FN:222,(anonymous_9)
FN:229,(anonymous_10)
FN:231,(anonymous_11)
FN:239,(anonymous_12)
FN:247,(anonymous_13)
FN:282,(anonymous_14)
FN:311,(anonymous_15)
FN:317,(anonymous_16)
FN:337,(anonymous_17)
FN:354,(anonymous_18)
FN:361,(anonymous_19)
FN:367,(anonymous_20)
FN:373,(anonymous_21)
FN:383,(anonymous_22)
FN:389,(anonymous_23)
FN:419,(anonymous_24)
FN:437,(anonymous_25)
FN:439,(anonymous_26)
FN:444,(anonymous_27)
FN:445,(anonymous_28)
FNF:29
FNH:16
FNDA:18,(anonymous_0)
FNDA:6,(anonymous_1)
FNDA:6,(anonymous_2)
FNDA:1,(anonymous_3)
FNDA:0,(anonymous_4)
FNDA:0,(anonymous_5)
FNDA:4,(anonymous_6)
FNDA:4,(anonymous_7)
FNDA:0,(anonymous_8)
FNDA:0,(anonymous_9)
FNDA:0,(anonymous_10)
FNDA:0,(anonymous_11)
FNDA:6,(anonymous_12)
FNDA:8,(anonymous_13)
FNDA:5,(anonymous_14)
FNDA:0,(anonymous_15)
FNDA:4,(anonymous_16)
FNDA:3,(anonymous_17)
FNDA:1,(anonymous_18)
FNDA:1,(anonymous_19)
FNDA:0,(anonymous_20)
FNDA:6,(anonymous_21)
FNDA:0,(anonymous_22)
FNDA:3,(anonymous_23)
FNDA:3,(anonymous_24)
FNDA:0,(anonymous_25)
FNDA:0,(anonymous_26)
FNDA:0,(anonymous_27)
FNDA:0,(anonymous_28)
DA:76,18
DA:98,6
DA:104,6
DA:105,6
DA:106,6
DA:113,6
DA:121,6
DA:122,6
DA:123,5
DA:126,6
DA:127,6
DA:129,6
DA:132,6
DA:134,6
DA:135,1
DA:137,1
DA:142,6
DA:143,6
DA:145,6
DA:155,6
DA:157,6
DA:161,6
DA:172,0
DA:173,0
DA:182,0
DA:183,0
DA:185,0
DA:190,0
DA:191,0
DA:192,0
DA:195,0
DA:196,0
DA:197,0
DA:201,4
DA:203,4
DA:205,4
DA:206,4
DA:209,4
DA:210,4
DA:212,4
DA:213,3
DA:214,3
DA:221,0
DA:223,0
DA:226,0
DA:230,0
DA:232,0
DA:235,0
DA:236,0
DA:240,6
DA:241,6
DA:243,5
DA:244,5
DA:246,5
DA:247,8
DA:250,5
DA:256,5
DA:258,5
DA:263,2
DA:268,3
DA:269,1
DA:272,5
DA:279,5
DA:281,5
DA:283,5
DA:284,5
DA:288,5
DA:289,5
DA:291,5
DA:292,1
DA:297,5
DA:307,5
DA:309,5
DA:312,0
DA:313,0
DA:318,4
DA:320,4
DA:322,4
DA:327,1
DA:330,3
DA:336,3
DA:338,3
DA:342,3
DA:343,3
DA:347,3
DA:355,1
DA:356,1
DA:360,1
DA:362,1
DA:365,1
DA:368,0
DA:369,0
DA:374,6
DA:376,6
DA:380,6
DA:381,3
DA:383,3
DA:384,0
DA:387,3
DA:389,3
DA:390,3
DA:391,3
DA:392,3
DA:393,2
DA:394,2
DA:395,2
DA:396,2
DA:397,2
DA:400,1
DA:404,3
DA:418,3
DA:420,3
DA:424,3
DA:425,3
DA:430,3
DA:432,0
DA:433,0
DA:438,0
DA:439,0
DA:440,0
DA:444,0
DA:445,0
LF:122
LH:92
BRDA:121,0,0,6
BRDA:121,0,1,1
BRDA:122,1,0,5
BRDA:122,1,1,1
BRDA:126,2,0,6
BRDA:126,2,1,0
BRDA:134,3,0,1
BRDA:134,3,1,5
BRDA:157,4,0,6
BRDA:157,4,1,6
BRDA:157,4,2,6
BRDA:169,5,0,0
BRDA:169,5,1,6
BRDA:183,6,0,0
BRDA:183,6,1,0
BRDA:185,7,0,0
BRDA:185,7,1,0
BRDA:186,8,0,0
BRDA:186,8,1,0
BRDA:186,8,2,0
BRDA:212,9,0,3
BRDA:212,9,1,1
BRDA:241,10,0,1
BRDA:241,10,1,5
BRDA:241,11,0,6
BRDA:241,11,1,5
BRDA:258,12,0,2
BRDA:258,12,1,3
BRDA:259,13,0,5
BRDA:259,13,1,3
BRDA:259,13,2,2
BRDA:268,14,0,1
BRDA:268,14,1,2
BRDA:283,15,0,5
BRDA:283,15,1,0
BRDA:291,16,0,1
BRDA:291,16,1,4
BRDA:307,17,0,2
BRDA:307,17,1,3
BRDA:322,18,0,1
BRDA:322,18,1,3
BRDA:323,19,0,4
BRDA:323,19,1,4
BRDA:323,19,2,4
BRDA:325,20,0,4
BRDA:325,20,1,0
BRDA:342,21,0,3
BRDA:342,21,1,0
BRDA:348,22,0,3
BRDA:348,22,1,3
BRDA:358,23,0,1
BRDA:358,23,1,0
BRDA:376,24,0,6
BRDA:376,24,1,4
BRDA:376,24,2,3
BRDA:380,25,0,3
BRDA:380,25,1,3
BRDA:380,26,0,6
BRDA:380,26,1,3
BRDA:390,27,0,3
BRDA:390,27,1,3
BRDA:391,28,0,3
BRDA:391,28,1,3
BRDA:392,29,0,2
BRDA:392,29,1,1
BRDA:393,30,0,2
BRDA:393,30,1,2
BRDA:394,31,0,2
BRDA:394,31,1,2
BRDA:396,32,0,2
BRDA:396,32,1,0
BRDA:396,33,0,2
BRDA:396,33,1,2
BRDA:397,34,0,2
BRDA:397,34,1,2
BRF:75
BRH:61
end_of_record
TN:
SF:src/utils/analyticsService.ts
FN:10,(anonymous_0)
FN:35,(anonymous_1)
FN:44,(anonymous_2)
FN:45,(anonymous_3)
FN:48,(anonymous_4)
FN:50,(anonymous_5)
FN:55,(anonymous_6)
FN:57,(anonymous_7)
FN:64,(anonymous_8)
FN:76,(anonymous_9)
FN:86,(anonymous_10)
FN:87,(anonymous_11)
FN:89,(anonymous_12)
FN:91,(anonymous_13)
FN:95,(anonymous_14)
FN:96,(anonymous_15)
FN:101,(anonymous_16)
FN:105,(anonymous_17)
FN:109,(anonymous_18)
FN:112,(anonymous_19)
FN:114,(anonymous_20)
FNF:21
FNH:12
FNDA:14,(anonymous_0)
FNDA:2,(anonymous_1)
FNDA:1,(anonymous_2)
FNDA:0,(anonymous_3)
FNDA:3,(anonymous_4)
FNDA:1,(anonymous_5)
FNDA:1,(anonymous_6)
FNDA:0,(anonymous_7)
FNDA:1,(anonymous_8)
FNDA:2,(anonymous_9)
FNDA:2,(anonymous_10)
FNDA:1,(anonymous_11)
FNDA:0,(anonymous_12)
FNDA:0,(anonymous_13)
FNDA:0,(anonymous_14)
FNDA:0,(anonymous_15)
FNDA:1,(anonymous_16)
FNDA:0,(anonymous_17)
FNDA:0,(anonymous_18)
FNDA:0,(anonymous_19)
FNDA:1,(anonymous_20)
DA:10,34
DA:12,14
DA:13,3
DA:14,3
DA:20,14
DA:21,14
DA:23,14
DA:24,14
DA:27,14
DA:29,1
DA:33,34
DA:36,2
DA:37,2
DA:38,2
DA:39,1
DA:44,1
DA:45,0
DA:49,3
DA:51,1
DA:56,1
DA:58,0
DA:70,1
DA:81,2
DA:86,2
DA:88,1
DA:90,0
DA:92,0
DA:95,0
DA:97,0
DA:98,0
DA:99,0
DA:102,1
DA:106,0
DA:107,0
DA:109,0
DA:113,0
DA:115,1
LF:37
LH:25
BRDA:12,0,0,3
BRDA:12,0,1,11
BRDA:13,1,0,3
BRDA:13,1,1,0
BRDA:21,2,0,14
BRDA:21,2,1,0
BRDA:23,3,0,11
BRDA:23,3,1,3
BRDA:36,4,0,0
BRDA:36,4,1,2
BRDA:38,5,0,1
BRDA:38,5,1,1
BRF:12
BRH:9
end_of_record
TN:
SF:src/utils/guessFeedbackUtils.ts
FN:9,(anonymous_0)
FN:10,(anonymous_1)
FN:13,generateImplicitHint
FN:44,(anonymous_3)
FN:47,(anonymous_4)
FN:65,(anonymous_5)
FNF:6
FNH:6
FNDA:8,(anonymous_0)
FNDA:10,(anonymous_1)
FNDA:7,generateImplicitHint
FNDA:2,(anonymous_3)
FNDA:2,(anonymous_4)
FNDA:6,(anonymous_5)
DA:9,19
DA:10,10
DA:18,7
DA:24,7
DA:25,1
DA:32,6
DA:33,6
DA:34,6
DA:36,6
DA:37,8
DA:38,8
DA:40,8
DA:42,8
DA:43,1
DA:44,2
DA:46,1
DA:47,2
DA:49,1
DA:50,1
DA:51,1
DA:52,1
DA:53,1
DA:57,7
DA:58,0
DA:60,7
DA:63,8
DA:64,5
DA:65,6
DA:67,5
DA:68,5
DA:71,5
DA:72,4
DA:73,4
DA:74,4
DA:75,3
DA:81,6
DA:83,6
DA:84,3
DA:85,3
DA:86,1
DA:88,2
DA:91,6
LF:42
LH:41
BRDA:16,0,0,1
BRDA:24,1,0,1
BRDA:24,1,1,6
BRDA:24,2,0,7
BRDA:24,2,1,6
BRDA:38,3,0,0
BRDA:38,3,1,8
BRDA:38,4,0,8
BRDA:38,4,1,8
BRDA:42,5,0,1
BRDA:42,5,1,7
BRDA:44,6,0,1
BRDA:44,6,1,0
BRDA:47,7,0,1
BRDA:47,7,1,0
BRDA:49,8,0,1
BRDA:49,8,1,0
BRDA:49,9,0,1
BRDA:49,9,1,1
BRDA:51,10,0,1
BRDA:51,10,1,0
BRDA:57,11,0,0
BRDA:57,11,1,7
BRDA:57,12,0,7
BRDA:57,12,1,0
BRDA:63,13,0,5
BRDA:63,13,1,3
BRDA:67,14,0,5
BRDA:67,14,1,0
BRDA:71,15,0,4
BRDA:71,15,1,1
BRDA:74,16,0,3
BRDA:74,16,1,1
BRDA:81,17,0,4
BRDA:81,17,1,2
BRDA:83,18,0,3
BRDA:83,18,1,3
BRDA:85,19,0,1
BRDA:85,19,1,2
BRF:39
BRH:31
end_of_record
TN:
SF:src/utils/hapticsService.ts
FN:5,(anonymous_0)
FN:8,(anonymous_1)
FN:14,(anonymous_2)
FN:16,(anonymous_3)
FN:18,(anonymous_4)
FN:20,(anonymous_5)
FN:21,(anonymous_6)
FN:22,(anonymous_7)
FNF:8
FNH:8
FNDA:4,(anonymous_0)
FNDA:4,(anonymous_1)
FNDA:2,(anonymous_2)
FNDA:1,(anonymous_3)
FNDA:1,(anonymous_4)
FNDA:2,(anonymous_5)
FNDA:1,(anonymous_6)
FNDA:1,(anonymous_7)
DA:5,12
DA:6,4
DA:8,12
DA:9,4
DA:12,12
DA:14,2
DA:16,1
DA:18,1
DA:20,2
DA:21,1
DA:22,1
LF:11
LH:11
BRDA:6,0,0,3
BRDA:6,0,1,1
BRDA:9,1,0,3
BRDA:9,1,1,1
BRF:4
BRH:4
end_of_record
TN:
SF:src/utils/scoreUtils.ts
FN:7,calculateScore
FNF:1
FNH:1
FNDA:14,calculateScore
DA:4,19
DA:5,19
DA:8,14
DA:9,4
DA:12,10
DA:13,10
DA:15,10
DA:16,10
DA:17,1
DA:20,1
DA:24,9
DA:28,9
DA:31,9
DA:36,9
DA:37,9
DA:40,9
DA:41,9
DA:42,2
DA:43,2
DA:47,9
DA:52,9
LF:21
LH:21
BRDA:8,0,0,4
BRDA:8,0,1,10
BRDA:16,1,0,1
BRDA:16,1,1,9
BRDA:36,2,0,9
BRDA:36,2,1,0
BRDA:41,3,0,2
BRDA:41,3,1,7
BRDA:41,4,0,9
BRDA:41,4,1,2
BRF:10
BRH:9
end_of_record
TN:
SF:src/utils/shareUtils.ts
FN:9,(anonymous_0)
FN:50,(anonymous_1)
FNF:2
FNH:2
FNDA:12,(anonymous_0)
FNDA:3,(anonymous_1)
DA:9,3
DA:10,12
DA:12,12
DA:17,12
DA:18,12
DA:20,12
DA:25,12
DA:27,12
DA:28,12
DA:29,12
DA:31,12
DA:32,6
DA:33,6
DA:34,6
DA:35,2
DA:38,2
DA:40,4
DA:41,4
DA:44,12
DA:45,12
DA:47,12
DA:50,3
DA:51,3
DA:52,3
DA:57,3
DA:59,3
DA:61,3
DA:62,3
DA:72,2
DA:76,1
DA:77,1
DA:79,1
LF:32
LH:32
BRDA:12,0,0,12
BRDA:12,0,1,0
BRDA:31,1,0,6
BRDA:31,1,1,6
BRDA:34,2,0,2
BRDA:34,2,1,4
BRDA:36,3,0,2
BRDA:36,3,1,0
BRDA:52,4,0,1
BRDA:52,4,1,2
BRDA:54,5,0,0
BRDA:54,5,1,2
BRDA:72,6,0,1
BRDA:72,6,1,1
BRDA:73,7,0,2
BRDA:73,7,1,1
BRF:16
BRH:13
end_of_record
TN:
SF:src/utils/stringUtils.ts
FN:8,(anonymous_0)
FNF:1
FNH:1
FNDA:13,(anonymous_0)
DA:8,2
DA:9,13
DA:12,11
LF:3
LH:3
BRDA:9,0,0,2
BRDA:9,0,1,11
BRF:2
BRH:2
end_of_record
TN:
SF:src/utils/firestore/converters/gameHistoryEntry.ts
FN:6,(anonymous_0)
FN:22,(anonymous_1)
FNF:2
FNH:2
FNDA:2,(anonymous_0)
FNDA:3,(anonymous_1)
DA:5,25
DA:7,2
DA:23,3
DA:24,3
LF:4
LH:4
BRDA:18,0,0,2
BRDA:18,0,1,1
BRDA:26,1,0,3
BRDA:26,1,1,2
BRDA:27,2,0,3
BRDA:27,2,1,2
BRDA:33,3,0,3
BRDA:33,3,1,2
BRDA:34,4,0,3
BRDA:34,4,1,2
BRDA:35,5,0,3
BRDA:35,5,1,2
BRF:12
BRH:12
end_of_record
TN:
SF:src/utils/firestore/converters/player.ts
FN:4,(anonymous_0)
FN:11,(anonymous_1)
FNF:2
FNH:2
FNDA:1,(anonymous_0)
FNDA:1,(anonymous_1)
DA:3,25
DA:5,1
DA:9,1
DA:12,1
DA:13,1
DA:17,1
LF:6
LH:6
BRF:0
BRH:0
end_of_record
TN:
SF:src/utils/firestore/converters/playerGame.ts
FN:7,(anonymous_0)
FN:24,(anonymous_1)
FN:27,(anonymous_2)
FNF:3
FNH:3
FNDA:2,(anonymous_0)
FNDA:3,(anonymous_1)
FNDA:6,(anonymous_2)
DA:6,25
DA:8,2
DA:25,3
DA:27,3
DA:28,6
DA:29,2
DA:31,4
DA:32,2
DA:34,2
DA:37,3
DA:44,3
LF:11
LH:11
BRDA:13,0,0,2
BRDA:13,0,1,1
BRDA:19,1,0,2
BRDA:19,1,1,0
BRDA:20,2,0,2
BRDA:20,2,1,2
BRDA:28,3,0,2
BRDA:28,3,1,4
BRDA:31,4,0,2
BRDA:31,4,1,2
BRDA:39,5,0,3
BRDA:39,5,1,2
BRF:12
BRH:11
end_of_record
TN:
SF:src/utils/firestore/converters/playerStats.ts
FN:4,(anonymous_0)
FN:18,(anonymous_1)
FNF:2
FNH:2
FNDA:3,(anonymous_0)
FNDA:2,(anonymous_1)
DA:3,25
DA:5,3
DA:16,3
DA:19,2
DA:20,2
DA:31,2
LF:6
LH:6
BRDA:13,0,0,3
BRDA:13,0,1,1
BRDA:14,1,0,3
BRDA:14,1,1,1
BRDA:26,2,0,2
BRDA:26,2,1,1
BRDA:27,3,0,2
BRDA:27,3,1,1
BRDA:28,4,0,2
BRDA:28,4,1,1
BRDA:29,5,0,2
BRDA:29,5,1,1
BRF:12
BRH:12
end_of_record
TN:
SF:src/utils/hooks/useExternalLink.ts
FN:11,useExternalLink
FN:12,(anonymous_1)
FNF:2
FNH:2
FNDA:4,useExternalLink
FNDA:4,(anonymous_1)
DA:12,4
DA:13,4
DA:14,1
DA:15,1
DA:18,3
DA:19,3
DA:20,2
DA:21,1
DA:23,1
DA:26,1
DA:27,1
DA:31,4
LF:12
LH:12
BRDA:13,0,0,1
BRDA:13,0,1,3
BRDA:20,1,0,1
BRDA:20,1,1,1
BRF:4
BRH:4
end_of_record
TN:
SF:src/utils/hooks/useGoogleAuth.ts
FN:13,useGoogleAuth
FN:18,(anonymous_1)
FN:37,(anonymous_2)
FN:38,(anonymous_3)
FN:64,(anonymous_4)
FN:82,(anonymous_5)
FNF:6
FNH:6
FNDA:14,useGoogleAuth
FNDA:6,(anonymous_1)
FNDA:9,(anonymous_2)
FNDA:3,(anonymous_3)
FNDA:1,(anonymous_4)
FNDA:2,(anonymous_5)
DA:14,14
DA:15,14
DA:17,14
DA:18,6
DA:32,14
DA:37,14
DA:38,9
DA:39,3
DA:40,2
DA:41,2
DA:42,2
DA:43,2
DA:44,2
DA:45,1
DA:46,1
DA:48,1
DA:49,1
DA:51,1
DA:52,1
DA:53,1
DA:54,1
DA:56,3
DA:59,9
DA:60,3
DA:64,14
DA:66,1
DA:67,0
DA:73,0
DA:76,1
DA:77,1
DA:78,1
DA:79,1
DA:82,14
DA:83,2
DA:84,2
DA:85,2
DA:86,2
DA:87,2
DA:89,1
DA:91,2
DA:95,14
LF:41
LH:39
BRDA:39,0,0,2
BRDA:39,0,1,1
BRDA:51,1,0,1
BRDA:51,1,1,0
BRDA:59,2,0,3
BRDA:59,2,1,6
BRDA:66,3,0,0
BRDA:66,3,1,1
BRF:8
BRH:6
end_of_record
TN:
SF:src/utils/hooks/useGuessAnimation.ts
FN:35,(anonymous_0)
FN:50,(anonymous_1)
FN:94,(anonymous_2)
FN:106,(anonymous_3)
FN:110,(anonymous_4)
FNF:5
FNH:5
FNDA:3,(anonymous_0)
FNDA:3,(anonymous_1)
FNDA:3,(anonymous_2)
FNDA:3,(anonymous_3)
FNDA:3,(anonymous_4)
DA:35,1
DA:41,3
DA:44,3
DA:45,3
DA:46,3
DA:47,3
DA:50,3
DA:52,3
DA:55,3
DA:56,2
DA:58,1
DA:65,1
DA:70,1
DA:76,1
DA:94,3
DA:95,3
DA:96,3
DA:106,3
DA:110,3
DA:119,3
LF:20
LH:20
BRDA:55,0,0,2
BRDA:55,0,1,1
BRDA:55,1,0,3
BRDA:55,1,1,2
BRDA:56,2,0,1
BRDA:56,2,1,1
BRF:6
BRH:6
end_of_record
TN:
SF:src/utils/hooks/useHintLogic.ts
FN:19,useHintLogic
FN:27,(anonymous_1)
FN:48,(anonymous_2)
FN:77,(anonymous_3)
FN:87,(anonymous_4)
FN:95,(anonymous_5)
FN:96,(anonymous_6)
FN:103,(anonymous_7)
FN:106,(anonymous_8)
FN:124,(anonymous_9)
FN:141,(anonymous_10)
FN:147,(anonymous_11)
FN:164,(anonymous_12)
FN:172,(anonymous_13)
FN:180,(anonymous_14)
FNF:15
FNH:14
FNDA:18,useHintLogic
FNDA:56,(anonymous_1)
FNDA:13,(anonymous_2)
FNDA:13,(anonymous_3)
FNDA:1,(anonymous_4)
FNDA:0,(anonymous_5)
FNDA:1,(anonymous_6)
FNDA:1,(anonymous_7)
FNDA:2,(anonymous_8)
FNDA:1,(anonymous_9)
FNDA:12,(anonymous_10)
FNDA:4,(anonymous_11)
FNDA:3,(anonymous_12)
FNDA:13,(anonymous_13)
FNDA:3,(anonymous_14)
DA:10,3
DA:14,0
DA:26,18
DA:27,56
DA:36,18
DA:37,18
DA:40,18
DA:41,18
DA:43,18
DA:44,18
DA:46,18
DA:48,18
DA:49,13
DA:50,13
DA:52,13
DA:53,26
DA:54,26
DA:55,4
DA:56,22
DA:63,8
DA:65,14
DA:68,13
DA:77,18
DA:78,13
DA:79,13
DA:81,13
DA:82,11
DA:83,11
DA:86,2
DA:87,1
DA:90,2
DA:91,1
DA:92,1
DA:93,1
DA:95,1
DA:96,1
DA:99,1
DA:102,18
DA:104,1
DA:106,2
DA:107,1
DA:110,1
DA:115,0
DA:118,1
DA:123,18
DA:125,1
DA:127,1
DA:129,1
DA:130,1
DA:131,1
DA:132,1
DA:134,1
DA:135,1
DA:141,18
DA:142,12
DA:143,5
DA:147,18
DA:148,4
DA:150,4
DA:152,4
DA:156,1
DA:159,3
DA:160,3
DA:161,3
DA:163,3
DA:164,3
DA:172,18
DA:173,13
DA:175,12
DA:177,0
DA:179,7
DA:180,3
DA:182,7
DA:184,7
DA:185,1
DA:187,6
DA:190,2
DA:193,2
DA:195,1
DA:205,18
DA:207,18
LF:81
LH:78
BRDA:10,0,0,0
BRDA:10,0,1,3
BRDA:11,1,0,3
BRDA:11,1,1,0
BRDA:43,2,0,18
BRDA:43,2,1,0
BRDA:44,3,0,18
BRDA:44,3,1,0
BRDA:50,4,0,13
BRDA:50,4,1,0
BRDA:54,5,0,4
BRDA:54,5,1,22
BRDA:56,6,0,8
BRDA:56,6,1,14
BRDA:57,7,0,22
BRDA:57,7,1,18
BRDA:57,7,2,18
BRDA:57,7,3,18
BRDA:57,7,4,16
BRDA:57,7,5,11
BRDA:78,8,0,13
BRDA:78,8,1,0
BRDA:79,9,0,13
BRDA:79,9,1,12
BRDA:81,10,0,11
BRDA:81,10,1,2
BRDA:87,11,0,1
BRDA:87,11,1,1
BRDA:90,12,0,1
BRDA:90,12,1,1
BRDA:104,13,0,0
BRDA:104,13,1,1
BRDA:107,14,0,0
BRDA:107,14,1,1
BRDA:110,15,0,0
BRDA:110,15,1,1
BRDA:111,16,0,1
BRDA:111,16,1,0
BRDA:111,16,2,0
BRDA:115,17,0,0
BRDA:115,17,1,0
BRDA:118,18,0,1
BRDA:118,18,1,0
BRDA:125,19,0,0
BRDA:125,19,1,1
BRDA:134,20,0,1
BRDA:134,20,1,0
BRDA:142,21,0,5
BRDA:142,21,1,7
BRDA:148,22,0,0
BRDA:148,22,1,4
BRDA:152,23,0,1
BRDA:152,23,1,3
BRDA:153,24,0,4
BRDA:153,24,1,1
BRDA:154,25,0,1
BRDA:154,25,1,0
BRDA:159,26,0,3
BRDA:159,26,1,0
BRDA:173,27,0,1
BRDA:173,27,1,12
BRDA:175,28,0,0
BRDA:175,28,1,7
BRDA:175,28,2,2
BRDA:175,28,3,2
BRDA:175,28,4,2
BRDA:175,28,5,1
BRDA:179,29,0,7
BRDA:179,29,1,0
BRDA:184,30,0,1
BRDA:184,30,1,6
BRDA:184,31,0,7
BRDA:184,31,1,1
BRDA:205,32,0,18
BRDA:205,32,1,17
BRF:75
BRH:54
end_of_record
TN:
SF:src/utils/hooks/useSkeletonAnimation.ts
FN:10,(anonymous_0)
FN:17,(anonymous_1)
FN:28,(anonymous_2)
FNF:3
FNH:3
FNDA:31,(anonymous_0)
FNDA:31,(anonymous_1)
FNDA:101,(anonymous_2)
DA:10,3
DA:15,31
DA:17,31
DA:18,31
DA:28,31
DA:29,101
DA:34,31
LF:7
LH:7
BRDA:11,0,0,31
BRDA:12,1,0,31
BRDA:13,2,0,31
BRF:3
BRH:3
end_of_record
TN:
SF:src/utils/hooks/useStyles.ts
FN:15,(anonymous_0)
FN:45,(anonymous_1)
FN:52,(anonymous_2)
FNF:3
FNH:3
FNDA:416,(anonymous_0)
FNDA:394,(anonymous_1)
FNDA:394,(anonymous_2)
DA:15,48
DA:16,416
DA:17,416
DA:45,48
DA:48,394
DA:51,394
DA:52,394
LF:7
LH:7
BRF:0
BRH:0
end_of_record
